{"/home/steve/code/mocker/src/ai/ai.constants.ts": {"path":"/home/steve/code/mocker/src/ai/ai.constants.ts","statementMap":{"0":{"start":{"line":1,"column":13},"end":{"line":1,"column":45}},"1":{"start":{"line":2,"column":13},"end":{"line":2,"column":42}},"2":{"start":{"line":3,"column":13},"end":{"line":3,"column":193}},"3":{"start":{"line":4,"column":13},"end":{"line":14,"column":374}}},"fnMap":{},"branchMap":{},"s":{"0":1,"1":1,"2":1,"3":1},"f":{},"b":{}}
,"/home/steve/code/mocker/src/ai/ai.persistence.ts": {"path":"/home/steve/code/mocker/src/ai/ai.persistence.ts","statementMap":{"0":{"start":{"line":1,"column":0},"end":{"line":1,"column":87}},"1":{"start":{"line":2,"column":0},"end":{"line":2,"column":53}},"2":{"start":{"line":4,"column":0},"end":{"line":4,"column":null}},"3":{"start":{"line":5,"column":2},"end":{"line":5,"column":null}},"4":{"start":{"line":6,"column":2},"end":{"line":6,"column":null}},"5":{"start":{"line":7,"column":2},"end":{"line":7,"column":null}},"6":{"start":{"line":8,"column":2},"end":{"line":8,"column":null}},"7":{"start":{"line":11,"column":24},"end":{"line":11,"column":30}},"8":{"start":{"line":14,"column":43},"end":{"line":14,"column":80}},"9":{"start":{"line":17,"column":4},"end":{"line":17,"column":91}},"10":{"start":{"line":21,"column":4},"end":{"line":21,"column":90}},"11":{"start":{"line":25,"column":4},"end":{"line":25,"column":97}},"12":{"start":{"line":29,"column":49},"end":{"line":31,"column":47}},"13":{"start":{"line":31,"column":20},"end":{"line":31,"column":45}},"14":{"start":{"line":33,"column":4},"end":{"line":42,"column":5}},"15":{"start":{"line":34,"column":6},"end":{"line":39,"column":8}},"16":{"start":{"line":41,"column":6},"end":{"line":41,"column":111}},"17":{"start":{"line":46,"column":49},"end":{"line":48,"column":47}},"18":{"start":{"line":48,"column":20},"end":{"line":48,"column":45}},"19":{"start":{"line":50,"column":4},"end":{"line":54,"column":5}},"20":{"start":{"line":51,"column":6},"end":{"line":51,"column":111}},"21":{"start":{"line":53,"column":6},"end":{"line":53,"column":18}},"22":{"start":{"line":58,"column":4},"end":{"line":58,"column":87}},"23":{"start":{"line":62,"column":4},"end":{"line":67,"column":6}},"24":{"start":{"line":71,"column":4},"end":{"line":71,"column":97}},"25":{"start":{"line":75,"column":4},"end":{"line":75,"column":44}},"26":{"start":{"line":13,"column":0},"end":{"line":13,"column":13}}},"fnMap":{"0":{"name":"(anonymous_0)","decl":{"start":{"line":4,"column":0},"end":{"line":4,"column":5}},"loc":{"start":{"line":4,"column":15},"end":{"line":9,"column":1}}},"1":{"name":"(anonymous_1)","decl":{"start":{"line":16,"column":9},"end":{"line":16,"column":14}},"loc":{"start":{"line":16,"column":60},"end":{"line":18,"column":3}}},"2":{"name":"(anonymous_2)","decl":{"start":{"line":20,"column":9},"end":{"line":20,"column":20}},"loc":{"start":{"line":20,"column":51},"end":{"line":22,"column":3}}},"3":{"name":"(anonymous_3)","decl":{"start":{"line":24,"column":9},"end":{"line":24,"column":20}},"loc":{"start":{"line":24,"column":51},"end":{"line":26,"column":3}}},"4":{"name":"(anonymous_4)","decl":{"start":{"line":28,"column":9},"end":{"line":28,"column":14}},"loc":{"start":{"line":28,"column":62},"end":{"line":43,"column":3}}},"5":{"name":"(anonymous_5)","decl":{"start":{"line":31,"column":12},"end":{"line":31,"column":13}},"loc":{"start":{"line":31,"column":20},"end":{"line":31,"column":45}}},"6":{"name":"(anonymous_6)","decl":{"start":{"line":45,"column":9},"end":{"line":45,"column":14}},"loc":{"start":{"line":45,"column":68},"end":{"line":55,"column":3}}},"7":{"name":"(anonymous_7)","decl":{"start":{"line":48,"column":12},"end":{"line":48,"column":13}},"loc":{"start":{"line":48,"column":20},"end":{"line":48,"column":45}}},"8":{"name":"(anonymous_8)","decl":{"start":{"line":57,"column":9},"end":{"line":57,"column":25}},"loc":{"start":{"line":57,"column":56},"end":{"line":59,"column":3}}},"9":{"name":"(anonymous_9)","decl":{"start":{"line":61,"column":9},"end":{"line":61,"column":27}},"loc":{"start":{"line":61,"column":61},"end":{"line":68,"column":3}}},"10":{"name":"(anonymous_10)","decl":{"start":{"line":70,"column":9},"end":{"line":70,"column":27}},"loc":{"start":{"line":70,"column":61},"end":{"line":72,"column":3}}},"11":{"name":"(anonymous_11)","decl":{"start":{"line":74,"column":10},"end":{"line":74,"column":25}},"loc":{"start":{"line":74,"column":74},"end":{"line":76,"column":3}}}},"branchMap":{"0":{"loc":{"start":{"line":4,"column":5},"end":{"line":4,"column":null}},"type":"binary-expr","locations":[{"start":{"line":4,"column":5},"end":{"line":4,"column":15}},{"start":{"line":4,"column":5},"end":{"line":4,"column":null}}]},"1":{"loc":{"start":{"line":31,"column":20},"end":{"line":31,"column":45}},"type":"cond-expr","locations":[{"start":{"line":31,"column":24},"end":{"line":31,"column":33}},{"start":{"line":31,"column":36},"end":{"line":31,"column":45}}]},"2":{"loc":{"start":{"line":33,"column":4},"end":{"line":42,"column":5}},"type":"if","locations":[{"start":{"line":33,"column":4},"end":{"line":42,"column":5}},{"start":{"line":40,"column":11},"end":{"line":42,"column":5}}]},"3":{"loc":{"start":{"line":48,"column":20},"end":{"line":48,"column":45}},"type":"cond-expr","locations":[{"start":{"line":48,"column":24},"end":{"line":48,"column":33}},{"start":{"line":48,"column":36},"end":{"line":48,"column":45}}]},"4":{"loc":{"start":{"line":50,"column":4},"end":{"line":54,"column":5}},"type":"if","locations":[{"start":{"line":50,"column":4},"end":{"line":54,"column":5}},{"start":{"line":52,"column":11},"end":{"line":54,"column":5}}]}},"s":{"0":1,"1":1,"2":1,"3":1,"4":1,"5":1,"6":1,"7":1,"8":1,"9":0,"10":0,"11":0,"12":0,"13":0,"14":0,"15":0,"16":0,"17":0,"18":0,"19":0,"20":0,"21":0,"22":0,"23":0,"24":0,"25":0,"26":1},"f":{"0":1,"1":0,"2":0,"3":0,"4":0,"5":0,"6":0,"7":0,"8":0,"9":0,"10":0,"11":0},"b":{"0":[1,1],"1":[0,0],"2":[0,0],"3":[0,0],"4":[0,0]}}
,"/home/steve/code/mocker/src/ai/ai.service.ts": {"path":"/home/steve/code/mocker/src/ai/ai.service.ts","statementMap":{"0":{"start":{"line":1,"column":0},"end":{"line":1,"column":32}},"1":{"start":{"line":2,"column":0},"end":{"line":2,"column":24}},"2":{"start":{"line":3,"column":0},"end":{"line":3,"column":20}},"3":{"start":{"line":4,"column":0},"end":{"line":4,"column":36}},"4":{"start":{"line":6,"column":0},"end":{"line":6,"column":59}},"5":{"start":{"line":7,"column":0},"end":{"line":7,"column":91}},"6":{"start":{"line":9,"column":0},"end":{"line":9,"column":56}},"7":{"start":{"line":11,"column":0},"end":{"line":11,"column":64}},"8":{"start":{"line":12,"column":0},"end":{"line":12,"column":53}},"9":{"start":{"line":13,"column":0},"end":{"line":13,"column":110}},"10":{"start":{"line":14,"column":0},"end":{"line":14,"column":49}},"11":{"start":{"line":17,"column":18},"end":{"line":17,"column":44}},"12":{"start":{"line":18,"column":19},"end":{"line":20,"column":4}},"13":{"start":{"line":22,"column":19},"end":{"line":22,"column":86}},"14":{"start":{"line":24,"column":19},"end":{"line":24,"column":50}},"15":{"start":{"line":25,"column":15},"end":{"line":25,"column":31}},"16":{"start":{"line":26,"column":20},"end":{"line":26,"column":57}},"17":{"start":{"line":29,"column":4},"end":{"line":31,"column":5}},"18":{"start":{"line":30,"column":6},"end":{"line":30,"column":18}},"19":{"start":{"line":33,"column":4},"end":{"line":33,"column":38}},"20":{"start":{"line":37,"column":4},"end":{"line":37,"column":61}},"21":{"start":{"line":41,"column":4},"end":{"line":41,"column":67}},"22":{"start":{"line":41,"column":62},"end":{"line":41,"column":65}},"23":{"start":{"line":45,"column":4},"end":{"line":45,"column":105}},"24":{"start":{"line":45,"column":67},"end":{"line":45,"column":103}},"25":{"start":{"line":49,"column":4},"end":{"line":49,"column":49}},"26":{"start":{"line":50,"column":4},"end":{"line":50,"column":54}},"27":{"start":{"line":52,"column":4},"end":{"line":70,"column":9}},"28":{"start":{"line":59,"column":8},"end":{"line":59,"column":56}},"29":{"start":{"line":60,"column":8},"end":{"line":60,"column":76}},"30":{"start":{"line":63,"column":8},"end":{"line":63,"column":66}},"31":{"start":{"line":66,"column":8},"end":{"line":66,"column":38}},"32":{"start":{"line":67,"column":8},"end":{"line":67,"column":56}},"33":{"start":{"line":68,"column":8},"end":{"line":68,"column":64}},"34":{"start":{"line":69,"column":8},"end":{"line":69,"column":16}},"35":{"start":{"line":74,"column":16},"end":{"line":74,"column":103}},"36":{"start":{"line":75,"column":21},"end":{"line":75,"column":38}},"37":{"start":{"line":76,"column":21},"end":{"line":76,"column":45}},"38":{"start":{"line":77,"column":23},"end":{"line":77,"column":74}},"39":{"start":{"line":78,"column":4},"end":{"line":86,"column":6}},"40":{"start":{"line":79,"column":6},"end":{"line":85,"column":8}},"41":{"start":{"line":80,"column":8},"end":{"line":83,"column":9}},"42":{"start":{"line":81,"column":10},"end":{"line":81,"column":74}},"43":{"start":{"line":82,"column":10},"end":{"line":82,"column":22}},"44":{"start":{"line":84,"column":8},"end":{"line":84,"column":50}},"45":{"start":{"line":90,"column":4},"end":{"line":90,"column":49}},"46":{"start":{"line":91,"column":4},"end":{"line":91,"column":54}},"47":{"start":{"line":92,"column":4},"end":{"line":120,"column":9}},"48":{"start":{"line":102,"column":8},"end":{"line":102,"column":56}},"49":{"start":{"line":104,"column":29},"end":{"line":104,"column":38}},"50":{"start":{"line":105,"column":8},"end":{"line":110,"column":9}},"51":{"start":{"line":106,"column":10},"end":{"line":106,"column":56}},"52":{"start":{"line":108,"column":10},"end":{"line":108,"column":95}},"53":{"start":{"line":109,"column":10},"end":{"line":109,"column":84}},"54":{"start":{"line":113,"column":8},"end":{"line":113,"column":63}},"55":{"start":{"line":116,"column":8},"end":{"line":116,"column":38}},"56":{"start":{"line":117,"column":8},"end":{"line":117,"column":56}},"57":{"start":{"line":118,"column":8},"end":{"line":118,"column":64}},"58":{"start":{"line":119,"column":8},"end":{"line":119,"column":16}},"59":{"start":{"line":124,"column":4},"end":{"line":145,"column":9}},"60":{"start":{"line":140,"column":8},"end":{"line":140,"column":76}},"61":{"start":{"line":143,"column":8},"end":{"line":143,"column":38}},"62":{"start":{"line":144,"column":8},"end":{"line":144,"column":16}},"63":{"start":{"line":149,"column":4},"end":{"line":153,"column":18}},"64":{"start":{"line":151,"column":8},"end":{"line":151,"column":41}},"65":{"start":{"line":157,"column":47},"end":{"line":157,"column":54}},"66":{"start":{"line":158,"column":4},"end":{"line":158,"column":51}},"67":{"start":{"line":159,"column":4},"end":{"line":159,"column":56}},"68":{"start":{"line":160,"column":39},"end":{"line":160,"column":90}},"69":{"start":{"line":161,"column":37},"end":{"line":161,"column":64}},"70":{"start":{"line":162,"column":4},"end":{"line":227,"column":9}},"71":{"start":{"line":175,"column":8},"end":{"line":175,"column":58}},"72":{"start":{"line":176,"column":8},"end":{"line":176,"column":76}},"73":{"start":{"line":179,"column":8},"end":{"line":182,"column":9}},"74":{"start":{"line":180,"column":10},"end":{"line":180,"column":80}},"75":{"start":{"line":181,"column":10},"end":{"line":181,"column":17}},"76":{"start":{"line":184,"column":37},"end":{"line":184,"column":39}},"77":{"start":{"line":186,"column":23},"end":{"line":186,"column":40}},"78":{"start":{"line":188,"column":8},"end":{"line":198,"column":9}},"79":{"start":{"line":189,"column":10},"end":{"line":197,"column":13}},"80":{"start":{"line":190,"column":12},"end":{"line":196,"column":15}},"81":{"start":{"line":200,"column":8},"end":{"line":202,"column":11}},"82":{"start":{"line":204,"column":8},"end":{"line":212,"column":11}},"83":{"start":{"line":214,"column":8},"end":{"line":220,"column":11}},"84":{"start":{"line":215,"column":10},"end":{"line":215,"column":40}},"85":{"start":{"line":216,"column":10},"end":{"line":219,"column":12}},"86":{"start":{"line":223,"column":8},"end":{"line":223,"column":38}},"87":{"start":{"line":224,"column":8},"end":{"line":224,"column":58}},"88":{"start":{"line":225,"column":8},"end":{"line":225,"column":66}},"89":{"start":{"line":226,"column":8},"end":{"line":226,"column":16}},"90":{"start":{"line":231,"column":4},"end":{"line":231,"column":49}},"91":{"start":{"line":232,"column":4},"end":{"line":232,"column":54}},"92":{"start":{"line":233,"column":18},"end":{"line":233,"column":90}},"93":{"start":{"line":234,"column":4},"end":{"line":248,"column":9}},"94":{"start":{"line":237,"column":8},"end":{"line":237,"column":56}},"95":{"start":{"line":238,"column":8},"end":{"line":238,"column":56}},"96":{"start":{"line":241,"column":8},"end":{"line":241,"column":63}},"97":{"start":{"line":244,"column":8},"end":{"line":244,"column":38}},"98":{"start":{"line":245,"column":8},"end":{"line":245,"column":56}},"99":{"start":{"line":246,"column":8},"end":{"line":246,"column":64}},"100":{"start":{"line":247,"column":8},"end":{"line":247,"column":16}},"101":{"start":{"line":252,"column":32},"end":{"line":252,"column":89}},"102":{"start":{"line":253,"column":25},"end":{"line":253,"column":93}},"103":{"start":{"line":254,"column":29},"end":{"line":254,"column":47}},"104":{"start":{"line":255,"column":30},"end":{"line":255,"column":93}},"105":{"start":{"line":257,"column":4},"end":{"line":259,"column":5}},"106":{"start":{"line":258,"column":6},"end":{"line":258,"column":13}},"107":{"start":{"line":261,"column":21},"end":{"line":263,"column":41}},"108":{"start":{"line":263,"column":19},"end":{"line":263,"column":40}},"109":{"start":{"line":264,"column":4},"end":{"line":290,"column":9}},"110":{"start":{"line":277,"column":8},"end":{"line":277,"column":76}},"111":{"start":{"line":280,"column":8},"end":{"line":285,"column":9}},"112":{"start":{"line":281,"column":10},"end":{"line":284,"column":100}},"113":{"start":{"line":283,"column":24},"end":{"line":283,"column":72}},"114":{"start":{"line":284,"column":26},"end":{"line":284,"column":98}},"115":{"start":{"line":288,"column":8},"end":{"line":288,"column":38}},"116":{"start":{"line":289,"column":8},"end":{"line":289,"column":16}},"117":{"start":{"line":294,"column":4},"end":{"line":319,"column":5}},"118":{"start":{"line":295,"column":35},"end":{"line":310,"column":8}},"119":{"start":{"line":311,"column":6},"end":{"line":318,"column":9}},"120":{"start":{"line":312,"column":8},"end":{"line":312,"column":38}},"121":{"start":{"line":313,"column":8},"end":{"line":313,"column":51}},"122":{"start":{"line":314,"column":8},"end":{"line":317,"column":10}},"123":{"start":{"line":323,"column":4},"end":{"line":362,"column":5}},"124":{"start":{"line":324,"column":35},"end":{"line":324,"column":37}},"125":{"start":{"line":326,"column":21},"end":{"line":326,"column":36}},"126":{"start":{"line":328,"column":6},"end":{"line":338,"column":7}},"127":{"start":{"line":329,"column":8},"end":{"line":337,"column":11}},"128":{"start":{"line":330,"column":10},"end":{"line":336,"column":13}},"129":{"start":{"line":340,"column":6},"end":{"line":342,"column":9}},"130":{"start":{"line":344,"column":6},"end":{"line":352,"column":9}},"131":{"start":{"line":354,"column":6},"end":{"line":361,"column":9}},"132":{"start":{"line":355,"column":8},"end":{"line":355,"column":38}},"133":{"start":{"line":356,"column":8},"end":{"line":356,"column":51}},"134":{"start":{"line":357,"column":8},"end":{"line":360,"column":10}},"135":{"start":{"line":366,"column":4},"end":{"line":405,"column":5}},"136":{"start":{"line":367,"column":35},"end":{"line":367,"column":37}},"137":{"start":{"line":369,"column":21},"end":{"line":369,"column":36}},"138":{"start":{"line":371,"column":6},"end":{"line":381,"column":7}},"139":{"start":{"line":372,"column":8},"end":{"line":380,"column":11}},"140":{"start":{"line":373,"column":10},"end":{"line":379,"column":13}},"141":{"start":{"line":383,"column":6},"end":{"line":385,"column":9}},"142":{"start":{"line":387,"column":6},"end":{"line":395,"column":9}},"143":{"start":{"line":397,"column":6},"end":{"line":404,"column":9}},"144":{"start":{"line":398,"column":8},"end":{"line":398,"column":38}},"145":{"start":{"line":399,"column":8},"end":{"line":399,"column":51}},"146":{"start":{"line":400,"column":8},"end":{"line":403,"column":10}},"147":{"start":{"line":409,"column":4},"end":{"line":409,"column":61}},"148":{"start":{"line":16,"column":0},"end":{"line":16,"column":13}}},"fnMap":{"0":{"name":"(anonymous_1)","decl":{"start":{"line":28,"column":2},"end":{"line":28,"column":18}},"loc":{"start":{"line":28,"column":43},"end":{"line":34,"column":3}}},"1":{"name":"(anonymous_2)","decl":{"start":{"line":36,"column":9},"end":{"line":36,"column":30}},"loc":{"start":{"line":36,"column":61},"end":{"line":38,"column":3}}},"2":{"name":"(anonymous_3)","decl":{"start":{"line":40,"column":9},"end":{"line":40,"column":26}},"loc":{"start":{"line":40,"column":57},"end":{"line":42,"column":3}}},"3":{"name":"(anonymous_4)","decl":{"start":{"line":41,"column":55},"end":{"line":41,"column":56}},"loc":{"start":{"line":41,"column":62},"end":{"line":41,"column":65}}},"4":{"name":"(anonymous_5)","decl":{"start":{"line":44,"column":9},"end":{"line":44,"column":31}},"loc":{"start":{"line":44,"column":62},"end":{"line":46,"column":3}}},"5":{"name":"(anonymous_6)","decl":{"start":{"line":45,"column":60},"end":{"line":45,"column":61}},"loc":{"start":{"line":45,"column":67},"end":{"line":45,"column":103}}},"6":{"name":"(anonymous_7)","decl":{"start":{"line":48,"column":9},"end":{"line":48,"column":14}},"loc":{"start":{"line":48,"column":91},"end":{"line":71,"column":3}}},"7":{"name":"(anonymous_8)","decl":{"start":{"line":58,"column":12},"end":{"line":58,"column":17}},"loc":{"start":{"line":58,"column":24},"end":{"line":61,"column":7}}},"8":{"name":"(anonymous_9)","decl":{"start":{"line":62,"column":12},"end":{"line":62,"column":13}},"loc":{"start":{"line":62,"column":23},"end":{"line":64,"column":7}}},"9":{"name":"(anonymous_10)","decl":{"start":{"line":65,"column":13},"end":{"line":65,"column":18}},"loc":{"start":{"line":65,"column":25},"end":{"line":70,"column":7}}},"10":{"name":"(anonymous_11)","decl":{"start":{"line":73,"column":9},"end":{"line":73,"column":14}},"loc":{"start":{"line":73,"column":58},"end":{"line":87,"column":3}}},"11":{"name":"(anonymous_12)","decl":{"start":{"line":78,"column":23},"end":{"line":78,"column":24}},"loc":{"start":{"line":79,"column":6},"end":{"line":85,"column":8}}},"12":{"name":"(anonymous_13)","decl":{"start":{"line":79,"column":51},"end":{"line":79,"column":52}},"loc":{"start":{"line":79,"column":59},"end":{"line":85,"column":7}}},"13":{"name":"(anonymous_14)","decl":{"start":{"line":89,"column":9},"end":{"line":89,"column":14}},"loc":{"start":{"line":89,"column":73},"end":{"line":121,"column":3}}},"14":{"name":"(anonymous_15)","decl":{"start":{"line":101,"column":12},"end":{"line":101,"column":17}},"loc":{"start":{"line":101,"column":24},"end":{"line":111,"column":7}}},"15":{"name":"(anonymous_16)","decl":{"start":{"line":112,"column":12},"end":{"line":112,"column":13}},"loc":{"start":{"line":112,"column":25},"end":{"line":114,"column":7}}},"16":{"name":"(anonymous_17)","decl":{"start":{"line":115,"column":13},"end":{"line":115,"column":18}},"loc":{"start":{"line":115,"column":25},"end":{"line":120,"column":7}}},"17":{"name":"(anonymous_18)","decl":{"start":{"line":123,"column":9},"end":{"line":123,"column":27}},"loc":{"start":{"line":123,"column":40},"end":{"line":146,"column":3}}},"18":{"name":"(anonymous_19)","decl":{"start":{"line":139,"column":12},"end":{"line":139,"column":17}},"loc":{"start":{"line":139,"column":24},"end":{"line":141,"column":7}}},"19":{"name":"(anonymous_20)","decl":{"start":{"line":142,"column":13},"end":{"line":142,"column":18}},"loc":{"start":{"line":142,"column":25},"end":{"line":145,"column":7}}},"20":{"name":"(anonymous_21)","decl":{"start":{"line":148,"column":9},"end":{"line":148,"column":22}},"loc":{"start":{"line":148,"column":49},"end":{"line":154,"column":3}}},"21":{"name":"(anonymous_22)","decl":{"start":{"line":150,"column":11},"end":{"line":150,"column":12}},"loc":{"start":{"line":150,"column":17},"end":{"line":152,"column":7}}},"22":{"name":"(anonymous_23)","decl":{"start":{"line":156,"column":9},"end":{"line":156,"column":14}},"loc":{"start":{"line":156,"column":61},"end":{"line":228,"column":3}}},"23":{"name":"(anonymous_24)","decl":{"start":{"line":174,"column":12},"end":{"line":174,"column":17}},"loc":{"start":{"line":174,"column":24},"end":{"line":177,"column":7}}},"24":{"name":"(anonymous_25)","decl":{"start":{"line":178,"column":12},"end":{"line":178,"column":13}},"loc":{"start":{"line":178,"column":23},"end":{"line":221,"column":7}}},"25":{"name":"(anonymous_26)","decl":{"start":{"line":189,"column":25},"end":{"line":189,"column":26}},"loc":{"start":{"line":189,"column":35},"end":{"line":197,"column":11}}},"26":{"name":"(anonymous_27)","decl":{"start":{"line":214,"column":84},"end":{"line":214,"column":85}},"loc":{"start":{"line":214,"column":90},"end":{"line":220,"column":9}}},"27":{"name":"(anonymous_28)","decl":{"start":{"line":222,"column":13},"end":{"line":222,"column":18}},"loc":{"start":{"line":222,"column":25},"end":{"line":227,"column":7}}},"28":{"name":"(anonymous_29)","decl":{"start":{"line":230,"column":9},"end":{"line":230,"column":14}},"loc":{"start":{"line":230,"column":97},"end":{"line":249,"column":3}}},"29":{"name":"(anonymous_30)","decl":{"start":{"line":236,"column":12},"end":{"line":236,"column":17}},"loc":{"start":{"line":236,"column":24},"end":{"line":239,"column":7}}},"30":{"name":"(anonymous_31)","decl":{"start":{"line":240,"column":12},"end":{"line":240,"column":13}},"loc":{"start":{"line":240,"column":23},"end":{"line":242,"column":7}}},"31":{"name":"(anonymous_32)","decl":{"start":{"line":243,"column":13},"end":{"line":243,"column":18}},"loc":{"start":{"line":243,"column":25},"end":{"line":248,"column":7}}},"32":{"name":"(anonymous_33)","decl":{"start":{"line":251,"column":9},"end":{"line":251,"column":14}},"loc":{"start":{"line":251,"column":60},"end":{"line":291,"column":3}}},"33":{"name":"(anonymous_34)","decl":{"start":{"line":263,"column":12},"end":{"line":263,"column":13}},"loc":{"start":{"line":263,"column":19},"end":{"line":263,"column":40}}},"34":{"name":"(anonymous_35)","decl":{"start":{"line":276,"column":12},"end":{"line":276,"column":13}},"loc":{"start":{"line":276,"column":18},"end":{"line":278,"column":7}}},"35":{"name":"(anonymous_36)","decl":{"start":{"line":279,"column":12},"end":{"line":279,"column":13}},"loc":{"start":{"line":279,"column":23},"end":{"line":286,"column":7}}},"36":{"name":"(anonymous_37)","decl":{"start":{"line":283,"column":18},"end":{"line":283,"column":21}},"loc":{"start":{"line":283,"column":24},"end":{"line":283,"column":72}}},"37":{"name":"(anonymous_38)","decl":{"start":{"line":284,"column":19},"end":{"line":284,"column":20}},"loc":{"start":{"line":284,"column":26},"end":{"line":284,"column":98}}},"38":{"name":"(anonymous_39)","decl":{"start":{"line":287,"column":13},"end":{"line":287,"column":18}},"loc":{"start":{"line":287,"column":25},"end":{"line":290,"column":7}}},"39":{"name":"(anonymous_40)","decl":{"start":{"line":293,"column":2},"end":{"line":293,"column":11}},"loc":{"start":{"line":293,"column":100},"end":{"line":320,"column":3}}},"40":{"name":"(anonymous_41)","decl":{"start":{"line":311,"column":63},"end":{"line":311,"column":64}},"loc":{"start":{"line":311,"column":69},"end":{"line":318,"column":7}}},"41":{"name":"(anonymous_42)","decl":{"start":{"line":322,"column":2},"end":{"line":322,"column":16}},"loc":{"start":{"line":322,"column":92},"end":{"line":363,"column":3}}},"42":{"name":"(anonymous_43)","decl":{"start":{"line":329,"column":23},"end":{"line":329,"column":24}},"loc":{"start":{"line":329,"column":33},"end":{"line":337,"column":9}}},"43":{"name":"(anonymous_44)","decl":{"start":{"line":354,"column":65},"end":{"line":354,"column":66}},"loc":{"start":{"line":354,"column":71},"end":{"line":361,"column":7}}},"44":{"name":"(anonymous_45)","decl":{"start":{"line":365,"column":2},"end":{"line":365,"column":13}},"loc":{"start":{"line":365,"column":104},"end":{"line":406,"column":3}}},"45":{"name":"(anonymous_46)","decl":{"start":{"line":372,"column":23},"end":{"line":372,"column":24}},"loc":{"start":{"line":372,"column":33},"end":{"line":380,"column":9}}},"46":{"name":"(anonymous_47)","decl":{"start":{"line":397,"column":65},"end":{"line":397,"column":66}},"loc":{"start":{"line":397,"column":71},"end":{"line":404,"column":7}}},"47":{"name":"(anonymous_48)","decl":{"start":{"line":408,"column":2},"end":{"line":408,"column":8}},"loc":{"start":{"line":408,"column":30},"end":{"line":410,"column":3}}}},"branchMap":{"0":{"loc":{"start":{"line":29,"column":4},"end":{"line":31,"column":5}},"type":"if","locations":[{"start":{"line":29,"column":4},"end":{"line":31,"column":5}}]},"1":{"loc":{"start":{"line":74,"column":16},"end":{"line":74,"column":103}},"type":"cond-expr","locations":[{"start":{"line":74,"column":40},"end":{"line":74,"column":61}},{"start":{"line":74,"column":64},"end":{"line":74,"column":103}}]},"2":{"loc":{"start":{"line":80,"column":8},"end":{"line":83,"column":9}},"type":"if","locations":[{"start":{"line":80,"column":8},"end":{"line":83,"column":9}}]},"3":{"loc":{"start":{"line":105,"column":8},"end":{"line":110,"column":9}},"type":"if","locations":[{"start":{"line":105,"column":8},"end":{"line":110,"column":9}},{"start":{"line":107,"column":15},"end":{"line":110,"column":9}}]},"4":{"loc":{"start":{"line":179,"column":8},"end":{"line":182,"column":9}},"type":"if","locations":[{"start":{"line":179,"column":8},"end":{"line":182,"column":9}}]},"5":{"loc":{"start":{"line":188,"column":8},"end":{"line":198,"column":9}},"type":"if","locations":[{"start":{"line":188,"column":8},"end":{"line":198,"column":9}}]},"6":{"loc":{"start":{"line":255,"column":30},"end":{"line":255,"column":93}},"type":"binary-expr","locations":[{"start":{"line":255,"column":30},"end":{"line":255,"column":50}},{"start":{"line":255,"column":54},"end":{"line":255,"column":73}},{"start":{"line":255,"column":77},"end":{"line":255,"column":93}}]},"7":{"loc":{"start":{"line":257,"column":4},"end":{"line":259,"column":5}},"type":"if","locations":[{"start":{"line":257,"column":4},"end":{"line":259,"column":5}}]},"8":{"loc":{"start":{"line":280,"column":8},"end":{"line":285,"column":9}},"type":"if","locations":[{"start":{"line":280,"column":8},"end":{"line":285,"column":9}}]},"9":{"loc":{"start":{"line":294,"column":4},"end":{"line":319,"column":5}},"type":"if","locations":[{"start":{"line":294,"column":4},"end":{"line":319,"column":5}}]},"10":{"loc":{"start":{"line":323,"column":4},"end":{"line":362,"column":5}},"type":"if","locations":[{"start":{"line":323,"column":4},"end":{"line":362,"column":5}}]},"11":{"loc":{"start":{"line":328,"column":6},"end":{"line":338,"column":7}},"type":"if","locations":[{"start":{"line":328,"column":6},"end":{"line":338,"column":7}}]},"12":{"loc":{"start":{"line":366,"column":4},"end":{"line":405,"column":5}},"type":"if","locations":[{"start":{"line":366,"column":4},"end":{"line":405,"column":5}}]},"13":{"loc":{"start":{"line":371,"column":6},"end":{"line":381,"column":7}},"type":"if","locations":[{"start":{"line":371,"column":6},"end":{"line":381,"column":7}}]}},"s":{"0":1,"1":1,"2":1,"3":1,"4":1,"5":1,"6":1,"7":1,"8":1,"9":1,"10":1,"11":1,"12":1,"13":1,"14":1,"15":1,"16":1,"17":0,"18":0,"19":0,"20":0,"21":0,"22":0,"23":0,"24":0,"25":0,"26":0,"27":0,"28":0,"29":0,"30":0,"31":0,"32":0,"33":0,"34":0,"35":0,"36":0,"37":0,"38":0,"39":0,"40":0,"41":0,"42":0,"43":0,"44":0,"45":0,"46":0,"47":0,"48":0,"49":0,"50":0,"51":0,"52":0,"53":0,"54":0,"55":0,"56":0,"57":0,"58":0,"59":0,"60":0,"61":0,"62":0,"63":0,"64":0,"65":0,"66":0,"67":0,"68":0,"69":0,"70":0,"71":0,"72":0,"73":0,"74":0,"75":0,"76":0,"77":0,"78":0,"79":0,"80":0,"81":0,"82":0,"83":0,"84":0,"85":0,"86":0,"87":0,"88":0,"89":0,"90":0,"91":0,"92":0,"93":0,"94":0,"95":0,"96":0,"97":0,"98":0,"99":0,"100":0,"101":0,"102":0,"103":0,"104":0,"105":0,"106":0,"107":0,"108":0,"109":0,"110":0,"111":0,"112":0,"113":0,"114":0,"115":0,"116":0,"117":0,"118":0,"119":0,"120":0,"121":0,"122":0,"123":0,"124":0,"125":0,"126":0,"127":0,"128":0,"129":0,"130":0,"131":0,"132":0,"133":0,"134":0,"135":0,"136":0,"137":0,"138":0,"139":0,"140":0,"141":0,"142":0,"143":0,"144":0,"145":0,"146":0,"147":0,"148":1},"f":{"0":0,"1":0,"2":0,"3":0,"4":0,"5":0,"6":0,"7":0,"8":0,"9":0,"10":0,"11":0,"12":0,"13":0,"14":0,"15":0,"16":0,"17":0,"18":0,"19":0,"20":0,"21":0,"22":0,"23":0,"24":0,"25":0,"26":0,"27":0,"28":0,"29":0,"30":0,"31":0,"32":0,"33":0,"34":0,"35":0,"36":0,"37":0,"38":0,"39":0,"40":0,"41":0,"42":0,"43":0,"44":0,"45":0,"46":0,"47":0},"b":{"0":[0],"1":[0,0],"2":[0],"3":[0,0],"4":[0],"5":[0],"6":[0,0,0],"7":[0],"8":[0],"9":[0],"10":[0],"11":[0],"12":[0],"13":[0]}}
,"/home/steve/code/mocker/src/ai/middleware/aiMiddleware.ts": {"path":"/home/steve/code/mocker/src/ai/middleware/aiMiddleware.ts","statementMap":{"0":{"start":{"line":2,"column":0},"end":{"line":2,"column":57}},"1":{"start":{"line":3,"column":0},"end":{"line":3,"column":42}},"2":{"start":{"line":4,"column":0},"end":{"line":4,"column":52}},"3":{"start":{"line":6,"column":18},"end":{"line":6,"column":33}},"4":{"start":{"line":7,"column":21},"end":{"line":7,"column":39}},"5":{"start":{"line":8,"column":27},"end":{"line":8,"column":28}},"6":{"start":{"line":9,"column":27},"end":{"line":9,"column":67}},"7":{"start":{"line":11,"column":28},"end":{"line":31,"column":1}},"8":{"start":{"line":12,"column":31},"end":{"line":12,"column":39}},"9":{"start":{"line":13,"column":32},"end":{"line":13,"column":101}},"10":{"start":{"line":14,"column":33},"end":{"line":14,"column":89}},"11":{"start":{"line":15,"column":28},"end":{"line":15,"column":79}},"12":{"start":{"line":16,"column":2},"end":{"line":30,"column":3}},"13":{"start":{"line":17,"column":4},"end":{"line":17,"column":115}},"14":{"start":{"line":18,"column":4},"end":{"line":20,"column":6}},"15":{"start":{"line":21,"column":9},"end":{"line":30,"column":3}},"16":{"start":{"line":22,"column":4},"end":{"line":22,"column":94}},"17":{"start":{"line":23,"column":4},"end":{"line":23,"column":103}},"18":{"start":{"line":24,"column":9},"end":{"line":30,"column":3}},"19":{"start":{"line":25,"column":4},"end":{"line":25,"column":115}},"20":{"start":{"line":26,"column":4},"end":{"line":26,"column":51}},"21":{"start":{"line":27,"column":4},"end":{"line":27,"column":11}},"22":{"start":{"line":29,"column":4},"end":{"line":29,"column":11}},"23":{"start":{"line":11,"column":13},"end":{"line":11,"column":28}}},"fnMap":{"0":{"name":"(anonymous_0)","decl":{"start":{"line":11,"column":28},"end":{"line":11,"column":33}},"loc":{"start":{"line":11,"column":101},"end":{"line":31,"column":1}}}},"branchMap":{"0":{"loc":{"start":{"line":16,"column":2},"end":{"line":30,"column":3}},"type":"if","locations":[{"start":{"line":16,"column":2},"end":{"line":30,"column":3}},{"start":{"line":21,"column":9},"end":{"line":30,"column":3}}]},"1":{"loc":{"start":{"line":16,"column":6},"end":{"line":16,"column":54}},"type":"binary-expr","locations":[{"start":{"line":16,"column":6},"end":{"line":16,"column":28}},{"start":{"line":16,"column":32},"end":{"line":16,"column":54}}]},"2":{"loc":{"start":{"line":21,"column":9},"end":{"line":30,"column":3}},"type":"if","locations":[{"start":{"line":21,"column":9},"end":{"line":30,"column":3}},{"start":{"line":24,"column":9},"end":{"line":30,"column":3}}]},"3":{"loc":{"start":{"line":24,"column":9},"end":{"line":30,"column":3}},"type":"if","locations":[{"start":{"line":24,"column":9},"end":{"line":30,"column":3}},{"start":{"line":28,"column":9},"end":{"line":30,"column":3}}]},"4":{"loc":{"start":{"line":24,"column":13},"end":{"line":24,"column":60}},"type":"binary-expr","locations":[{"start":{"line":24,"column":13},"end":{"line":24,"column":35}},{"start":{"line":24,"column":39},"end":{"line":24,"column":60}}]}},"s":{"0":1,"1":1,"2":1,"3":1,"4":1,"5":1,"6":1,"7":1,"8":4,"9":4,"10":4,"11":4,"12":4,"13":1,"14":1,"15":3,"16":1,"17":1,"18":2,"19":1,"20":1,"21":1,"22":1,"23":1},"f":{"0":4},"b":{"0":[1,3],"1":[4,3],"2":[1,2],"3":[1,1],"4":[2,1]}}
,"/home/steve/code/mocker/src/counter/constants.ts": {"path":"/home/steve/code/mocker/src/counter/constants.ts","statementMap":{"0":{"start":{"line":1,"column":13},"end":{"line":1,"column":35}},"1":{"start":{"line":2,"column":13},"end":{"line":2,"column":41}},"2":{"start":{"line":3,"column":13},"end":{"line":3,"column":38}}},"fnMap":{},"branchMap":{},"s":{"0":1,"1":1,"2":1},"f":{},"b":{}}
,"/home/steve/code/mocker/src/muzzle/muzzle-utilities.ts": {"path":"/home/steve/code/mocker/src/muzzle/muzzle-utilities.ts","statementMap":{"0":{"start":{"line":11,"column":2},"end":{"line":11,"column":88}},"1":{"start":{"line":10,"column":0},"end":{"line":10,"column":16}},"2":{"start":{"line":18,"column":2},"end":{"line":18,"column":66}},"3":{"start":{"line":17,"column":0},"end":{"line":17,"column":16}},"4":{"start":{"line":22,"column":2},"end":{"line":24,"column":3}},"5":{"start":{"line":23,"column":4},"end":{"line":23,"column":17}},"6":{"start":{"line":25,"column":2},"end":{"line":25,"column":61}},"7":{"start":{"line":21,"column":0},"end":{"line":21,"column":16}},"8":{"start":{"line":32,"column":18},"end":{"line":32,"column":42}},"9":{"start":{"line":33,"column":18},"end":{"line":33,"column":52}},"10":{"start":{"line":34,"column":2},"end":{"line":34,"column":109}},"11":{"start":{"line":31,"column":0},"end":{"line":31,"column":16}},"12":{"start":{"line":41,"column":2},"end":{"line":41,"column":49}},"13":{"start":{"line":40,"column":0},"end":{"line":40,"column":16}}},"fnMap":{"0":{"name":"getRemainingTime","decl":{"start":{"line":10,"column":16},"end":{"line":10,"column":32}},"loc":{"start":{"line":10,"column":49},"end":{"line":12,"column":1}}},"1":{"name":"getTimeToMuzzle","decl":{"start":{"line":17,"column":16},"end":{"line":17,"column":31}},"loc":{"start":{"line":17,"column":31},"end":{"line":19,"column":1}}},"2":{"name":"getMsForSpecifiedRange","decl":{"start":{"line":21,"column":16},"end":{"line":21,"column":38}},"loc":{"start":{"line":21,"column":65},"end":{"line":26,"column":1}}},"3":{"name":"getTimeString","decl":{"start":{"line":31,"column":16},"end":{"line":31,"column":29}},"loc":{"start":{"line":31,"column":42},"end":{"line":35,"column":1}}},"4":{"name":"isRandomEven","decl":{"start":{"line":40,"column":16},"end":{"line":40,"column":28}},"loc":{"start":{"line":40,"column":28},"end":{"line":42,"column":1}}}},"branchMap":{"0":{"loc":{"start":{"line":22,"column":2},"end":{"line":24,"column":3}},"type":"if","locations":[{"start":{"line":22,"column":2},"end":{"line":24,"column":3}}]},"1":{"loc":{"start":{"line":34,"column":9},"end":{"line":34,"column":108}},"type":"cond-expr","locations":[{"start":{"line":34,"column":27},"end":{"line":34,"column":47}},{"start":{"line":34,"column":50},"end":{"line":34,"column":108}}]},"2":{"loc":{"start":{"line":34,"column":67},"end":{"line":34,"column":91}},"type":"cond-expr","locations":[{"start":{"line":34,"column":83},"end":{"line":34,"column":86}},{"start":{"line":34,"column":89},"end":{"line":34,"column":91}}]}},"s":{"0":0,"1":1,"2":0,"3":1,"4":0,"5":0,"6":0,"7":1,"8":0,"9":0,"10":0,"11":1,"12":0,"13":1},"f":{"0":0,"1":0,"2":0,"3":0,"4":0},"b":{"0":[0],"1":[0,0],"2":[0,0]}}
,"/home/steve/code/mocker/src/reaction/reaction.persistence.service.ts": {"path":"/home/steve/code/mocker/src/reaction/reaction.persistence.service.ts","statementMap":{"0":{"start":{"line":1,"column":0},"end":{"line":1,"column":40}},"1":{"start":{"line":4,"column":0},"end":{"line":4,"column":56}},"2":{"start":{"line":5,"column":0},"end":{"line":5,"column":56}},"3":{"start":{"line":6,"column":0},"end":{"line":6,"column":46}},"4":{"start":{"line":7,"column":0},"end":{"line":7,"column":58}},"5":{"start":{"line":12,"column":21},"end":{"line":12,"column":35}},"6":{"start":{"line":13,"column":4},"end":{"line":13,"column":44}},"7":{"start":{"line":14,"column":4},"end":{"line":14,"column":39}},"8":{"start":{"line":15,"column":4},"end":{"line":15,"column":39}},"9":{"start":{"line":16,"column":4},"end":{"line":16,"column":27}},"10":{"start":{"line":17,"column":4},"end":{"line":17,"column":36}},"11":{"start":{"line":18,"column":4},"end":{"line":18,"column":42}},"12":{"start":{"line":19,"column":4},"end":{"line":19,"column":29}},"13":{"start":{"line":21,"column":4},"end":{"line":21,"column":50}},"14":{"start":{"line":25,"column":4},"end":{"line":34,"column":23}},"15":{"start":{"line":34,"column":20},"end":{"line":34,"column":21}},"16":{"start":{"line":38,"column":4},"end":{"line":38,"column":84}},"17":{"start":{"line":39,"column":17},"end":{"line":39,"column":95}},"18":{"start":{"line":40,"column":4},"end":{"line":42,"column":5}},"19":{"start":{"line":41,"column":6},"end":{"line":41,"column":74}},"20":{"start":{"line":44,"column":32},"end":{"line":44,"column":107}},"21":{"start":{"line":45,"column":27},"end":{"line":47,"column":46}},"22":{"start":{"line":47,"column":20},"end":{"line":47,"column":44}},"23":{"start":{"line":49,"column":31},"end":{"line":49,"column":85}},"24":{"start":{"line":50,"column":26},"end":{"line":52,"column":46}},"25":{"start":{"line":52,"column":20},"end":{"line":52,"column":44}},"26":{"start":{"line":54,"column":4},"end":{"line":54,"column":96}},"27":{"start":{"line":58,"column":4},"end":{"line":66,"column":9}},"28":{"start":{"line":63,"column":23},"end":{"line":63,"column":28}},"29":{"start":{"line":65,"column":8},"end":{"line":65,"column":27}},"30":{"start":{"line":10,"column":0},"end":{"line":10,"column":13}}},"fnMap":{"0":{"name":"(anonymous_0)","decl":{"start":{"line":11,"column":9},"end":{"line":11,"column":21}},"loc":{"start":{"line":11,"column":65},"end":{"line":22,"column":3}}},"1":{"name":"(anonymous_1)","decl":{"start":{"line":24,"column":9},"end":{"line":24,"column":14}},"loc":{"start":{"line":24,"column":58},"end":{"line":35,"column":3}}},"2":{"name":"(anonymous_2)","decl":{"start":{"line":34,"column":13},"end":{"line":34,"column":14}},"loc":{"start":{"line":34,"column":20},"end":{"line":34,"column":21}}},"3":{"name":"(anonymous_3)","decl":{"start":{"line":37,"column":9},"end":{"line":37,"column":14}},"loc":{"start":{"line":37,"column":57},"end":{"line":55,"column":3}}},"4":{"name":"(anonymous_4)","decl":{"start":{"line":47,"column":12},"end":{"line":47,"column":13}},"loc":{"start":{"line":47,"column":20},"end":{"line":47,"column":44}}},"5":{"name":"(anonymous_5)","decl":{"start":{"line":52,"column":12},"end":{"line":52,"column":13}},"loc":{"start":{"line":52,"column":20},"end":{"line":52,"column":44}}},"6":{"name":"(anonymous_6)","decl":{"start":{"line":57,"column":9},"end":{"line":57,"column":21}},"loc":{"start":{"line":57,"column":52},"end":{"line":67,"column":3}}},"7":{"name":"(anonymous_7)","decl":{"start":{"line":63,"column":12},"end":{"line":63,"column":13}},"loc":{"start":{"line":63,"column":23},"end":{"line":63,"column":28}}},"8":{"name":"(anonymous_8)","decl":{"start":{"line":64,"column":13},"end":{"line":64,"column":14}},"loc":{"start":{"line":64,"column":19},"end":{"line":66,"column":7}}}},"branchMap":{"0":{"loc":{"start":{"line":40,"column":4},"end":{"line":42,"column":5}},"type":"if","locations":[{"start":{"line":40,"column":4},"end":{"line":42,"column":5}}]},"1":{"loc":{"start":{"line":47,"column":20},"end":{"line":47,"column":44}},"type":"cond-expr","locations":[{"start":{"line":47,"column":32},"end":{"line":47,"column":33}},{"start":{"line":47,"column":36},"end":{"line":47,"column":44}}]},"2":{"loc":{"start":{"line":52,"column":20},"end":{"line":52,"column":44}},"type":"cond-expr","locations":[{"start":{"line":52,"column":32},"end":{"line":52,"column":33}},{"start":{"line":52,"column":36},"end":{"line":52,"column":44}}]}},"s":{"0":1,"1":1,"2":1,"3":1,"4":1,"5":0,"6":0,"7":0,"8":0,"9":0,"10":0,"11":0,"12":0,"13":0,"14":0,"15":0,"16":0,"17":0,"18":0,"19":0,"20":0,"21":0,"22":0,"23":0,"24":0,"25":0,"26":0,"27":0,"28":0,"29":0,"30":1},"f":{"0":0,"1":0,"2":0,"3":0,"4":0,"5":0,"6":0,"7":0,"8":0},"b":{"0":[0],"1":[0,0],"2":[0,0]}}
,"/home/steve/code/mocker/src/shared/db/models/Activity.ts": {"path":"/home/steve/code/mocker/src/shared/db/models/Activity.ts","statementMap":{"0":{"start":{"line":1,"column":0},"end":{"line":1,"column":76}},"1":{"start":{"line":2,"column":0},"end":{"line":2,"column":40}},"2":{"start":{"line":5,"column":7},"end":{"line":26,"column":null}},"3":{"start":{"line":5,"column":13},"end":{"line":5,"column":21}},"4":{"start":{"line":7,"column":9},"end":{"line":7,"column":null}},"5":{"start":{"line":10,"column":9},"end":{"line":10,"column":null}},"6":{"start":{"line":9,"column":19},"end":{"line":9,"column":28}},"7":{"start":{"line":9,"column":40},"end":{"line":9,"column":53}},"8":{"start":{"line":13,"column":9},"end":{"line":13,"column":null}},"9":{"start":{"line":16,"column":9},"end":{"line":16,"column":null}},"10":{"start":{"line":19,"column":9},"end":{"line":19,"column":null}},"11":{"start":{"line":22,"column":9},"end":{"line":22,"column":null}},"12":{"start":{"line":25,"column":9},"end":{"line":25,"column":null}},"13":{"start":{"line":24,"column":46},"end":{"line":24,"column":65}},"14":{"start":{"line":5,"column":13},"end":{"line":26,"column":null}}},"fnMap":{"0":{"name":"(anonymous_2)","decl":{"start":{"line":9,"column":13},"end":{"line":9,"column":16}},"loc":{"start":{"line":9,"column":19},"end":{"line":9,"column":28}}},"1":{"name":"(anonymous_3)","decl":{"start":{"line":9,"column":30},"end":{"line":9,"column":31}},"loc":{"start":{"line":9,"column":40},"end":{"line":9,"column":53}}},"2":{"name":"(anonymous_4)","decl":{"start":{"line":24,"column":40},"end":{"line":24,"column":43}},"loc":{"start":{"line":24,"column":46},"end":{"line":24,"column":65}}}},"branchMap":{"0":{"loc":{"start":{"line":10,"column":18},"end":{"line":10,"column":28}},"type":"cond-expr","locations":[{"start":{"line":10,"column":27},"end":{"line":10,"column":28}},{"start":{"line":10,"column":27},"end":{"line":10,"column":28}}]},"1":{"loc":{"start":{"line":10,"column":18},"end":{"line":10,"column":27}},"type":"binary-expr","locations":[{"start":{"line":10,"column":18},"end":{"line":10,"column":28}},{"start":{"line":10,"column":18},"end":{"line":10,"column":27}}]},"2":{"loc":{"start":{"line":25,"column":21},"end":{"line":25,"column":26}},"type":"cond-expr","locations":[{"start":{"line":25,"column":25},"end":{"line":25,"column":26}},{"start":{"line":25,"column":25},"end":{"line":25,"column":26}}]},"3":{"loc":{"start":{"line":25,"column":21},"end":{"line":25,"column":25}},"type":"binary-expr","locations":[{"start":{"line":25,"column":21},"end":{"line":25,"column":26}},{"start":{"line":25,"column":21},"end":{"line":25,"column":25}}]}},"s":{"0":1,"1":1,"2":1,"3":1,"4":1,"5":1,"6":0,"7":0,"8":1,"9":1,"10":1,"11":1,"12":1,"13":0,"14":1},"f":{"0":0,"1":0,"2":0},"b":{"0":[0,1],"1":[1,0],"2":[1,0],"3":[1,1]}}
,"/home/steve/code/mocker/src/shared/db/models/Item.ts": {"path":"/home/steve/code/mocker/src/shared/db/models/Item.ts","statementMap":{"0":{"start":{"line":1,"column":0},"end":{"line":1,"column":65}},"1":{"start":{"line":4,"column":7},"end":{"line":46,"column":null}},"2":{"start":{"line":4,"column":13},"end":{"line":4,"column":17}},"3":{"start":{"line":6,"column":9},"end":{"line":6,"column":null}},"4":{"start":{"line":9,"column":9},"end":{"line":9,"column":null}},"5":{"start":{"line":12,"column":9},"end":{"line":12,"column":null}},"6":{"start":{"line":15,"column":9},"end":{"line":15,"column":null}},"7":{"start":{"line":18,"column":9},"end":{"line":18,"column":null}},"8":{"start":{"line":21,"column":9},"end":{"line":21,"column":null}},"9":{"start":{"line":24,"column":9},"end":{"line":24,"column":null}},"10":{"start":{"line":27,"column":9},"end":{"line":27,"column":null}},"11":{"start":{"line":30,"column":9},"end":{"line":30,"column":null}},"12":{"start":{"line":33,"column":9},"end":{"line":33,"column":null}},"13":{"start":{"line":36,"column":9},"end":{"line":36,"column":null}},"14":{"start":{"line":39,"column":9},"end":{"line":39,"column":null}},"15":{"start":{"line":42,"column":9},"end":{"line":42,"column":null}},"16":{"start":{"line":45,"column":9},"end":{"line":45,"column":null}},"17":{"start":{"line":4,"column":13},"end":{"line":46,"column":null}}},"fnMap":{},"branchMap":{},"s":{"0":1,"1":1,"2":1,"3":1,"4":1,"5":1,"6":1,"7":1,"8":1,"9":1,"10":1,"11":1,"12":1,"13":1,"14":1,"15":1,"16":1,"17":1},"f":{},"b":{}}
,"/home/steve/code/mocker/src/shared/db/models/ItemKill.ts": {"path":"/home/steve/code/mocker/src/shared/db/models/ItemKill.ts","statementMap":{"0":{"start":{"line":1,"column":0},"end":{"line":1,"column":76}},"1":{"start":{"line":2,"column":0},"end":{"line":2,"column":34}},"2":{"start":{"line":3,"column":0},"end":{"line":3,"column":30}},"3":{"start":{"line":6,"column":7},"end":{"line":17,"column":null}},"4":{"start":{"line":6,"column":13},"end":{"line":6,"column":21}},"5":{"start":{"line":8,"column":9},"end":{"line":8,"column":null}},"6":{"start":{"line":12,"column":2},"end":{"line":12,"column":null}},"7":{"start":{"line":11,"column":19},"end":{"line":11,"column":25}},"8":{"start":{"line":11,"column":39},"end":{"line":11,"column":48}},"9":{"start":{"line":16,"column":2},"end":{"line":16,"column":null}},"10":{"start":{"line":15,"column":19},"end":{"line":15,"column":23}},"11":{"start":{"line":15,"column":35},"end":{"line":15,"column":42}},"12":{"start":{"line":6,"column":13},"end":{"line":17,"column":null}}},"fnMap":{"0":{"name":"(anonymous_2)","decl":{"start":{"line":11,"column":13},"end":{"line":11,"column":16}},"loc":{"start":{"line":11,"column":19},"end":{"line":11,"column":25}}},"1":{"name":"(anonymous_3)","decl":{"start":{"line":11,"column":27},"end":{"line":11,"column":28}},"loc":{"start":{"line":11,"column":39},"end":{"line":11,"column":48}}},"2":{"name":"(anonymous_4)","decl":{"start":{"line":15,"column":13},"end":{"line":15,"column":16}},"loc":{"start":{"line":15,"column":19},"end":{"line":15,"column":23}}},"3":{"name":"(anonymous_5)","decl":{"start":{"line":15,"column":25},"end":{"line":15,"column":26}},"loc":{"start":{"line":15,"column":35},"end":{"line":15,"column":42}}}},"branchMap":{},"s":{"0":1,"1":1,"2":1,"3":1,"4":1,"5":1,"6":1,"7":0,"8":0,"9":1,"10":0,"11":0,"12":1},"f":{"0":0,"1":0,"2":0,"3":0},"b":{}}
,"/home/steve/code/mocker/src/shared/db/models/Message.ts": {"path":"/home/steve/code/mocker/src/shared/db/models/Message.ts","statementMap":{"0":{"start":{"line":1,"column":0},"end":{"line":1,"column":76}},"1":{"start":{"line":2,"column":0},"end":{"line":2,"column":40}},"2":{"start":{"line":5,"column":7},"end":{"line":23,"column":null}},"3":{"start":{"line":5,"column":13},"end":{"line":5,"column":20}},"4":{"start":{"line":7,"column":9},"end":{"line":7,"column":null}},"5":{"start":{"line":10,"column":9},"end":{"line":10,"column":null}},"6":{"start":{"line":9,"column":19},"end":{"line":9,"column":28}},"7":{"start":{"line":9,"column":40},"end":{"line":9,"column":53}},"8":{"start":{"line":13,"column":9},"end":{"line":13,"column":null}},"9":{"start":{"line":16,"column":9},"end":{"line":16,"column":null}},"10":{"start":{"line":19,"column":9},"end":{"line":19,"column":null}},"11":{"start":{"line":22,"column":9},"end":{"line":22,"column":null}},"12":{"start":{"line":21,"column":46},"end":{"line":21,"column":65}},"13":{"start":{"line":5,"column":13},"end":{"line":23,"column":null}}},"fnMap":{"0":{"name":"(anonymous_2)","decl":{"start":{"line":9,"column":13},"end":{"line":9,"column":16}},"loc":{"start":{"line":9,"column":19},"end":{"line":9,"column":28}}},"1":{"name":"(anonymous_3)","decl":{"start":{"line":9,"column":30},"end":{"line":9,"column":31}},"loc":{"start":{"line":9,"column":40},"end":{"line":9,"column":53}}},"2":{"name":"(anonymous_4)","decl":{"start":{"line":21,"column":40},"end":{"line":21,"column":43}},"loc":{"start":{"line":21,"column":46},"end":{"line":21,"column":65}}}},"branchMap":{"0":{"loc":{"start":{"line":10,"column":18},"end":{"line":10,"column":28}},"type":"cond-expr","locations":[{"start":{"line":10,"column":27},"end":{"line":10,"column":28}},{"start":{"line":10,"column":27},"end":{"line":10,"column":28}}]},"1":{"loc":{"start":{"line":10,"column":18},"end":{"line":10,"column":27}},"type":"binary-expr","locations":[{"start":{"line":10,"column":18},"end":{"line":10,"column":28}},{"start":{"line":10,"column":18},"end":{"line":10,"column":27}}]},"2":{"loc":{"start":{"line":22,"column":21},"end":{"line":22,"column":26}},"type":"cond-expr","locations":[{"start":{"line":22,"column":25},"end":{"line":22,"column":26}},{"start":{"line":22,"column":25},"end":{"line":22,"column":26}}]},"3":{"loc":{"start":{"line":22,"column":21},"end":{"line":22,"column":25}},"type":"binary-expr","locations":[{"start":{"line":22,"column":21},"end":{"line":22,"column":26}},{"start":{"line":22,"column":21},"end":{"line":22,"column":25}}]}},"s":{"0":1,"1":1,"2":1,"3":1,"4":1,"5":1,"6":0,"7":0,"8":1,"9":1,"10":1,"11":1,"12":0,"13":1},"f":{"0":0,"1":0,"2":0},"b":{"0":[0,1],"1":[1,0],"2":[1,0],"3":[1,1]}}
,"/home/steve/code/mocker/src/shared/db/models/Muzzle.ts": {"path":"/home/steve/code/mocker/src/shared/db/models/Muzzle.ts","statementMap":{"0":{"start":{"line":1,"column":0},"end":{"line":1,"column":65}},"1":{"start":{"line":4,"column":7},"end":{"line":31,"column":null}},"2":{"start":{"line":4,"column":13},"end":{"line":4,"column":19}},"3":{"start":{"line":6,"column":9},"end":{"line":6,"column":null}},"4":{"start":{"line":9,"column":9},"end":{"line":9,"column":null}},"5":{"start":{"line":12,"column":9},"end":{"line":12,"column":null}},"6":{"start":{"line":15,"column":9},"end":{"line":15,"column":null}},"7":{"start":{"line":18,"column":9},"end":{"line":18,"column":null}},"8":{"start":{"line":21,"column":9},"end":{"line":21,"column":null}},"9":{"start":{"line":24,"column":9},"end":{"line":24,"column":null}},"10":{"start":{"line":27,"column":9},"end":{"line":27,"column":null}},"11":{"start":{"line":30,"column":9},"end":{"line":30,"column":null}},"12":{"start":{"line":29,"column":46},"end":{"line":29,"column":65}},"13":{"start":{"line":4,"column":13},"end":{"line":31,"column":null}}},"fnMap":{"0":{"name":"(anonymous_2)","decl":{"start":{"line":29,"column":40},"end":{"line":29,"column":43}},"loc":{"start":{"line":29,"column":46},"end":{"line":29,"column":65}}}},"branchMap":{"0":{"loc":{"start":{"line":30,"column":21},"end":{"line":30,"column":26}},"type":"cond-expr","locations":[{"start":{"line":30,"column":25},"end":{"line":30,"column":26}},{"start":{"line":30,"column":25},"end":{"line":30,"column":26}}]},"1":{"loc":{"start":{"line":30,"column":21},"end":{"line":30,"column":25}},"type":"binary-expr","locations":[{"start":{"line":30,"column":21},"end":{"line":30,"column":26}},{"start":{"line":30,"column":21},"end":{"line":30,"column":25}}]}},"s":{"0":1,"1":1,"2":1,"3":1,"4":1,"5":1,"6":1,"7":1,"8":1,"9":1,"10":1,"11":1,"12":0,"13":1},"f":{"0":0},"b":{"0":[1,0],"1":[1,1]}}
,"/home/steve/code/mocker/src/shared/db/models/Purchase.ts": {"path":"/home/steve/code/mocker/src/shared/db/models/Purchase.ts","statementMap":{"0":{"start":{"line":1,"column":0},"end":{"line":1,"column":76}},"1":{"start":{"line":2,"column":0},"end":{"line":2,"column":40}},"2":{"start":{"line":3,"column":0},"end":{"line":3,"column":30}},"3":{"start":{"line":6,"column":7},"end":{"line":23,"column":null}},"4":{"start":{"line":6,"column":13},"end":{"line":6,"column":21}},"5":{"start":{"line":8,"column":9},"end":{"line":8,"column":null}},"6":{"start":{"line":12,"column":9},"end":{"line":12,"column":null}},"7":{"start":{"line":11,"column":19},"end":{"line":11,"column":28}},"8":{"start":{"line":11,"column":45},"end":{"line":11,"column":62}},"9":{"start":{"line":16,"column":9},"end":{"line":16,"column":null}},"10":{"start":{"line":15,"column":19},"end":{"line":15,"column":23}},"11":{"start":{"line":15,"column":35},"end":{"line":15,"column":42}},"12":{"start":{"line":19,"column":9},"end":{"line":19,"column":null}},"13":{"start":{"line":22,"column":9},"end":{"line":22,"column":null}},"14":{"start":{"line":21,"column":46},"end":{"line":21,"column":65}},"15":{"start":{"line":6,"column":13},"end":{"line":23,"column":null}}},"fnMap":{"0":{"name":"(anonymous_2)","decl":{"start":{"line":11,"column":13},"end":{"line":11,"column":16}},"loc":{"start":{"line":11,"column":19},"end":{"line":11,"column":28}}},"1":{"name":"(anonymous_3)","decl":{"start":{"line":11,"column":30},"end":{"line":11,"column":31}},"loc":{"start":{"line":11,"column":45},"end":{"line":11,"column":62}}},"2":{"name":"(anonymous_4)","decl":{"start":{"line":15,"column":13},"end":{"line":15,"column":16}},"loc":{"start":{"line":15,"column":19},"end":{"line":15,"column":23}}},"3":{"name":"(anonymous_5)","decl":{"start":{"line":15,"column":25},"end":{"line":15,"column":26}},"loc":{"start":{"line":15,"column":35},"end":{"line":15,"column":42}}},"4":{"name":"(anonymous_6)","decl":{"start":{"line":21,"column":40},"end":{"line":21,"column":43}},"loc":{"start":{"line":21,"column":46},"end":{"line":21,"column":65}}}},"branchMap":{"0":{"loc":{"start":{"line":22,"column":21},"end":{"line":22,"column":26}},"type":"cond-expr","locations":[{"start":{"line":22,"column":25},"end":{"line":22,"column":26}},{"start":{"line":22,"column":25},"end":{"line":22,"column":26}}]},"1":{"loc":{"start":{"line":22,"column":21},"end":{"line":22,"column":25}},"type":"binary-expr","locations":[{"start":{"line":22,"column":21},"end":{"line":22,"column":26}},{"start":{"line":22,"column":21},"end":{"line":22,"column":25}}]}},"s":{"0":1,"1":1,"2":1,"3":1,"4":1,"5":1,"6":1,"7":0,"8":0,"9":1,"10":0,"11":0,"12":1,"13":1,"14":0,"15":1},"f":{"0":0,"1":0,"2":0,"3":0,"4":0},"b":{"0":[1,0],"1":[1,1]}}
,"/home/steve/code/mocker/src/shared/db/models/Reaction.ts": {"path":"/home/steve/code/mocker/src/shared/db/models/Reaction.ts","statementMap":{"0":{"start":{"line":1,"column":0},"end":{"line":1,"column":65}},"1":{"start":{"line":4,"column":7},"end":{"line":31,"column":null}},"2":{"start":{"line":4,"column":13},"end":{"line":4,"column":21}},"3":{"start":{"line":6,"column":9},"end":{"line":6,"column":null}},"4":{"start":{"line":9,"column":9},"end":{"line":9,"column":null}},"5":{"start":{"line":12,"column":9},"end":{"line":12,"column":null}},"6":{"start":{"line":15,"column":9},"end":{"line":15,"column":null}},"7":{"start":{"line":18,"column":9},"end":{"line":18,"column":null}},"8":{"start":{"line":21,"column":9},"end":{"line":21,"column":null}},"9":{"start":{"line":24,"column":9},"end":{"line":24,"column":null}},"10":{"start":{"line":27,"column":9},"end":{"line":27,"column":null}},"11":{"start":{"line":30,"column":9},"end":{"line":30,"column":null}},"12":{"start":{"line":29,"column":46},"end":{"line":29,"column":65}},"13":{"start":{"line":4,"column":13},"end":{"line":31,"column":null}}},"fnMap":{"0":{"name":"(anonymous_2)","decl":{"start":{"line":29,"column":40},"end":{"line":29,"column":43}},"loc":{"start":{"line":29,"column":46},"end":{"line":29,"column":65}}}},"branchMap":{"0":{"loc":{"start":{"line":30,"column":21},"end":{"line":30,"column":26}},"type":"cond-expr","locations":[{"start":{"line":30,"column":25},"end":{"line":30,"column":26}},{"start":{"line":30,"column":25},"end":{"line":30,"column":26}}]},"1":{"loc":{"start":{"line":30,"column":21},"end":{"line":30,"column":25}},"type":"binary-expr","locations":[{"start":{"line":30,"column":21},"end":{"line":30,"column":26}},{"start":{"line":30,"column":21},"end":{"line":30,"column":25}}]}},"s":{"0":1,"1":1,"2":1,"3":1,"4":1,"5":1,"6":1,"7":1,"8":1,"9":1,"10":1,"11":1,"12":0,"13":1},"f":{"0":0},"b":{"0":[1,0],"1":[1,1]}}
,"/home/steve/code/mocker/src/shared/db/models/Rep.ts": {"path":"/home/steve/code/mocker/src/shared/db/models/Rep.ts","statementMap":{"0":{"start":{"line":1,"column":0},"end":{"line":1,"column":65}},"1":{"start":{"line":4,"column":7},"end":{"line":16,"column":null}},"2":{"start":{"line":4,"column":13},"end":{"line":4,"column":16}},"3":{"start":{"line":6,"column":9},"end":{"line":6,"column":null}},"4":{"start":{"line":9,"column":9},"end":{"line":9,"column":null}},"5":{"start":{"line":12,"column":9},"end":{"line":12,"column":null}},"6":{"start":{"line":15,"column":9},"end":{"line":15,"column":null}},"7":{"start":{"line":14,"column":27},"end":{"line":14,"column":28}},"8":{"start":{"line":4,"column":13},"end":{"line":16,"column":null}}},"fnMap":{"0":{"name":"(anonymous_2)","decl":{"start":{"line":14,"column":21},"end":{"line":14,"column":24}},"loc":{"start":{"line":14,"column":27},"end":{"line":14,"column":28}}}},"branchMap":{},"s":{"0":1,"1":1,"2":1,"3":1,"4":1,"5":1,"6":1,"7":0,"8":1},"f":{"0":0},"b":{}}
,"/home/steve/code/mocker/src/shared/db/models/SlackUser.ts": {"path":"/home/steve/code/mocker/src/shared/db/models/SlackUser.ts","statementMap":{"0":{"start":{"line":1,"column":0},"end":{"line":1,"column":84}},"1":{"start":{"line":2,"column":0},"end":{"line":2,"column":38}},"2":{"start":{"line":3,"column":0},"end":{"line":3,"column":36}},"3":{"start":{"line":7,"column":7},"end":{"line":31,"column":null}},"4":{"start":{"line":7,"column":13},"end":{"line":7,"column":22}},"5":{"start":{"line":9,"column":9},"end":{"line":9,"column":null}},"6":{"start":{"line":12,"column":9},"end":{"line":12,"column":null}},"7":{"start":{"line":15,"column":9},"end":{"line":15,"column":null}},"8":{"start":{"line":18,"column":9},"end":{"line":18,"column":null}},"9":{"start":{"line":21,"column":9},"end":{"line":21,"column":null}},"10":{"start":{"line":24,"column":9},"end":{"line":24,"column":null}},"11":{"start":{"line":27,"column":9},"end":{"line":27,"column":null}},"12":{"start":{"line":26,"column":19},"end":{"line":26,"column":27}},"13":{"start":{"line":26,"column":43},"end":{"line":26,"column":58}},"14":{"start":{"line":30,"column":9},"end":{"line":30,"column":null}},"15":{"start":{"line":29,"column":19},"end":{"line":29,"column":26}},"16":{"start":{"line":29,"column":41},"end":{"line":29,"column":55}},"17":{"start":{"line":7,"column":13},"end":{"line":31,"column":null}}},"fnMap":{"0":{"name":"(anonymous_2)","decl":{"start":{"line":26,"column":13},"end":{"line":26,"column":16}},"loc":{"start":{"line":26,"column":19},"end":{"line":26,"column":27}}},"1":{"name":"(anonymous_3)","decl":{"start":{"line":26,"column":29},"end":{"line":26,"column":30}},"loc":{"start":{"line":26,"column":43},"end":{"line":26,"column":58}}},"2":{"name":"(anonymous_4)","decl":{"start":{"line":29,"column":13},"end":{"line":29,"column":16}},"loc":{"start":{"line":29,"column":19},"end":{"line":29,"column":26}}},"3":{"name":"(anonymous_5)","decl":{"start":{"line":29,"column":28},"end":{"line":29,"column":29}},"loc":{"start":{"line":29,"column":41},"end":{"line":29,"column":55}}}},"branchMap":{},"s":{"0":1,"1":1,"2":1,"3":1,"4":1,"5":1,"6":1,"7":1,"8":1,"9":1,"10":1,"11":1,"12":0,"13":0,"14":1,"15":0,"16":0,"17":1},"f":{"0":0,"1":0,"2":0,"3":0},"b":{}}
,"/home/steve/code/mocker/src/shared/db/models/UsedItem.ts": {"path":"/home/steve/code/mocker/src/shared/db/models/UsedItem.ts","statementMap":{"0":{"start":{"line":1,"column":0},"end":{"line":1,"column":76}},"1":{"start":{"line":2,"column":0},"end":{"line":2,"column":40}},"2":{"start":{"line":3,"column":0},"end":{"line":3,"column":30}},"3":{"start":{"line":6,"column":7},"end":{"line":24,"column":null}},"4":{"start":{"line":6,"column":13},"end":{"line":6,"column":21}},"5":{"start":{"line":8,"column":9},"end":{"line":8,"column":null}},"6":{"start":{"line":12,"column":9},"end":{"line":12,"column":null}},"7":{"start":{"line":11,"column":19},"end":{"line":11,"column":28}},"8":{"start":{"line":11,"column":45},"end":{"line":11,"column":57}},"9":{"start":{"line":16,"column":9},"end":{"line":16,"column":null}},"10":{"start":{"line":15,"column":19},"end":{"line":15,"column":28}},"11":{"start":{"line":15,"column":45},"end":{"line":15,"column":57}},"12":{"start":{"line":20,"column":9},"end":{"line":20,"column":null}},"13":{"start":{"line":19,"column":19},"end":{"line":19,"column":23}},"14":{"start":{"line":19,"column":35},"end":{"line":19,"column":42}},"15":{"start":{"line":23,"column":9},"end":{"line":23,"column":null}},"16":{"start":{"line":22,"column":46},"end":{"line":22,"column":65}},"17":{"start":{"line":6,"column":13},"end":{"line":24,"column":null}}},"fnMap":{"0":{"name":"(anonymous_2)","decl":{"start":{"line":11,"column":13},"end":{"line":11,"column":16}},"loc":{"start":{"line":11,"column":19},"end":{"line":11,"column":28}}},"1":{"name":"(anonymous_3)","decl":{"start":{"line":11,"column":30},"end":{"line":11,"column":31}},"loc":{"start":{"line":11,"column":45},"end":{"line":11,"column":57}}},"2":{"name":"(anonymous_4)","decl":{"start":{"line":15,"column":13},"end":{"line":15,"column":16}},"loc":{"start":{"line":15,"column":19},"end":{"line":15,"column":28}}},"3":{"name":"(anonymous_5)","decl":{"start":{"line":15,"column":30},"end":{"line":15,"column":31}},"loc":{"start":{"line":15,"column":45},"end":{"line":15,"column":57}}},"4":{"name":"(anonymous_6)","decl":{"start":{"line":19,"column":13},"end":{"line":19,"column":16}},"loc":{"start":{"line":19,"column":19},"end":{"line":19,"column":23}}},"5":{"name":"(anonymous_7)","decl":{"start":{"line":19,"column":25},"end":{"line":19,"column":26}},"loc":{"start":{"line":19,"column":35},"end":{"line":19,"column":42}}},"6":{"name":"(anonymous_8)","decl":{"start":{"line":22,"column":40},"end":{"line":22,"column":43}},"loc":{"start":{"line":22,"column":46},"end":{"line":22,"column":65}}}},"branchMap":{"0":{"loc":{"start":{"line":23,"column":21},"end":{"line":23,"column":26}},"type":"cond-expr","locations":[{"start":{"line":23,"column":25},"end":{"line":23,"column":26}},{"start":{"line":23,"column":25},"end":{"line":23,"column":26}}]},"1":{"loc":{"start":{"line":23,"column":21},"end":{"line":23,"column":25}},"type":"binary-expr","locations":[{"start":{"line":23,"column":21},"end":{"line":23,"column":26}},{"start":{"line":23,"column":21},"end":{"line":23,"column":25}}]}},"s":{"0":1,"1":1,"2":1,"3":1,"4":1,"5":1,"6":1,"7":0,"8":0,"9":1,"10":0,"11":0,"12":1,"13":0,"14":0,"15":1,"16":0,"17":1},"f":{"0":0,"1":0,"2":0,"3":0,"4":0,"5":0,"6":0},"b":{"0":[1,0],"1":[1,1]}}
,"/home/steve/code/mocker/src/shared/logger/logger.ts": {"path":"/home/steve/code/mocker/src/shared/logger/logger.ts","statementMap":{"0":{"start":{"line":1,"column":0},"end":{"line":1,"column":59}},"1":{"start":{"line":2,"column":44},"end":{"line":2,"column":50}},"2":{"start":{"line":4,"column":13},"end":{"line":13,"column":3}}},"fnMap":{},"branchMap":{},"s":{"0":1,"1":1,"2":1},"f":{},"b":{}}
,"/home/steve/code/mocker/src/shared/services/history.persistence.service.ts": {"path":"/home/steve/code/mocker/src/shared/services/history.persistence.service.ts","statementMap":{"0":{"start":{"line":1,"column":0},"end":{"line":1,"column":54}},"1":{"start":{"line":2,"column":0},"end":{"line":2,"column":51}},"2":{"start":{"line":4,"column":0},"end":{"line":4,"column":47}},"3":{"start":{"line":10,"column":4},"end":{"line":12,"column":5}},"4":{"start":{"line":11,"column":6},"end":{"line":11,"column":13}},"5":{"start":{"line":14,"column":35},"end":{"line":19,"column":6}},"6":{"start":{"line":20,"column":20},"end":{"line":20,"column":33}},"7":{"start":{"line":21,"column":4},"end":{"line":21,"column":74}},"8":{"start":{"line":22,"column":4},"end":{"line":22,"column":37}},"9":{"start":{"line":23,"column":4},"end":{"line":23,"column":39}},"10":{"start":{"line":24,"column":4},"end":{"line":24,"column":41}},"11":{"start":{"line":25,"column":4},"end":{"line":25,"column":50}},"12":{"start":{"line":29,"column":18},"end":{"line":33,"column":6}},"13":{"start":{"line":34,"column":19},"end":{"line":34,"column":81}},"14":{"start":{"line":35,"column":4},"end":{"line":35,"column":27}},"15":{"start":{"line":39,"column":19},"end":{"line":39,"column":34}},"16":{"start":{"line":40,"column":20},"end":{"line":40,"column":38}},"17":{"start":{"line":41,"column":21},"end":{"line":41,"column":67}},"18":{"start":{"line":42,"column":18},"end":{"line":58,"column":29}},"19":{"start":{"line":60,"column":4},"end":{"line":60,"column":83}},"20":{"start":{"line":7,"column":0},"end":{"line":7,"column":13}}},"fnMap":{"0":{"name":"(anonymous_0)","decl":{"start":{"line":8,"column":2},"end":{"line":8,"column":7}},"loc":{"start":{"line":8,"column":40},"end":{"line":26,"column":3}}},"1":{"name":"(anonymous_1)","decl":{"start":{"line":28,"column":2},"end":{"line":28,"column":7}},"loc":{"start":{"line":28,"column":65},"end":{"line":36,"column":3}}},"2":{"name":"(anonymous_2)","decl":{"start":{"line":38,"column":2},"end":{"line":38,"column":7}},"loc":{"start":{"line":38,"column":65},"end":{"line":61,"column":3}}}},"branchMap":{"0":{"loc":{"start":{"line":10,"column":4},"end":{"line":12,"column":5}},"type":"if","locations":[{"start":{"line":10,"column":4},"end":{"line":12,"column":5}}]},"1":{"loc":{"start":{"line":10,"column":8},"end":{"line":10,"column":95}},"type":"binary-expr","locations":[{"start":{"line":10,"column":8},"end":{"line":10,"column":46}},{"start":{"line":10,"column":50},"end":{"line":10,"column":95}}]},"2":{"loc":{"start":{"line":21,"column":22},"end":{"line":21,"column":73}},"type":"binary-expr","locations":[{"start":{"line":21,"column":22},"end":{"line":21,"column":43}},{"start":{"line":21,"column":47},"end":{"line":21,"column":73}}]},"3":{"loc":{"start":{"line":41,"column":21},"end":{"line":41,"column":67}},"type":"cond-expr","locations":[{"start":{"line":41,"column":31},"end":{"line":41,"column":47}},{"start":{"line":41,"column":50},"end":{"line":41,"column":67}}]}},"s":{"0":1,"1":1,"2":1,"3":0,"4":0,"5":0,"6":0,"7":0,"8":0,"9":0,"10":0,"11":0,"12":0,"13":0,"14":0,"15":0,"16":0,"17":0,"18":0,"19":0,"20":1},"f":{"0":0,"1":0,"2":0},"b":{"0":[0],"1":[0,0],"2":[0,0],"3":[0,0]}}
,"/home/steve/code/mocker/src/shared/services/redis.persistence.service.ts": {"path":"/home/steve/code/mocker/src/shared/services/redis.persistence.service.ts","statementMap":{"0":{"start":{"line":1,"column":0},"end":{"line":1,"column":32}},"1":{"start":{"line":2,"column":0},"end":{"line":2,"column":42}},"2":{"start":{"line":6,"column":4},"end":{"line":8,"column":5}},"3":{"start":{"line":7,"column":6},"end":{"line":7,"column":71}},"4":{"start":{"line":9,"column":4},"end":{"line":9,"column":44}},"5":{"start":{"line":12,"column":11},"end":{"line":12,"column":62}},"6":{"start":{"line":15,"column":4},"end":{"line":15,"column":107}},"7":{"start":{"line":15,"column":54},"end":{"line":15,"column":105}},"8":{"start":{"line":18,"column":32},"end":{"line":20,"column":49}},"9":{"start":{"line":23,"column":4},"end":{"line":23,"column":50}},"10":{"start":{"line":27,"column":4},"end":{"line":27,"column":68}},"11":{"start":{"line":31,"column":4},"end":{"line":35,"column":5}},"12":{"start":{"line":32,"column":6},"end":{"line":32,"column":67}},"13":{"start":{"line":33,"column":11},"end":{"line":35,"column":5}},"14":{"start":{"line":34,"column":6},"end":{"line":34,"column":68}},"15":{"start":{"line":36,"column":4},"end":{"line":36,"column":75}},"16":{"start":{"line":40,"column":4},"end":{"line":40,"column":50}},"17":{"start":{"line":44,"column":4},"end":{"line":44,"column":62}},"18":{"start":{"line":49,"column":4},"end":{"line":49,"column":60}},"19":{"start":{"line":53,"column":4},"end":{"line":53,"column":62}},"20":{"start":{"line":57,"column":4},"end":{"line":57,"column":50}},"21":{"start":{"line":4,"column":0},"end":{"line":4,"column":13}}},"fnMap":{"0":{"name":"(anonymous_0)","decl":{"start":{"line":5,"column":9},"end":{"line":5,"column":15}},"loc":{"start":{"line":5,"column":27},"end":{"line":10,"column":3}}},"1":{"name":"(anonymous_1)","decl":{"start":{"line":14,"column":2},"end":{"line":14,"column":null}},"loc":{"start":{"line":14,"column":2},"end":{"line":16,"column":3}}},"2":{"name":"(anonymous_2)","decl":{"start":{"line":15,"column":48},"end":{"line":15,"column":51}},"loc":{"start":{"line":15,"column":54},"end":{"line":15,"column":105}}},"3":{"name":"(anonymous_3)","decl":{"start":{"line":22,"column":2},"end":{"line":22,"column":10}},"loc":{"start":{"line":22,"column":22},"end":{"line":24,"column":3}}},"4":{"name":"(anonymous_4)","decl":{"start":{"line":26,"column":2},"end":{"line":26,"column":10}},"loc":{"start":{"line":26,"column":46},"end":{"line":28,"column":3}}},"5":{"name":"(anonymous_5)","decl":{"start":{"line":30,"column":2},"end":{"line":30,"column":20}},"loc":{"start":{"line":30,"column":90},"end":{"line":37,"column":3}}},"6":{"name":"(anonymous_6)","decl":{"start":{"line":39,"column":2},"end":{"line":39,"column":18}},"loc":{"start":{"line":39,"column":30},"end":{"line":41,"column":3}}},"7":{"name":"(anonymous_7)","decl":{"start":{"line":43,"column":2},"end":{"line":43,"column":8}},"loc":{"start":{"line":43,"column":37},"end":{"line":45,"column":3}}},"8":{"name":"(anonymous_8)","decl":{"start":{"line":48,"column":2},"end":{"line":48,"column":11}},"loc":{"start":{"line":48,"column":27},"end":{"line":50,"column":3}}},"9":{"name":"(anonymous_9)","decl":{"start":{"line":52,"column":2},"end":{"line":52,"column":12}},"loc":{"start":{"line":52,"column":28},"end":{"line":54,"column":3}}},"10":{"name":"(anonymous_10)","decl":{"start":{"line":56,"column":2},"end":{"line":56,"column":11}},"loc":{"start":{"line":56,"column":23},"end":{"line":58,"column":3}}}},"branchMap":{"0":{"loc":{"start":{"line":6,"column":4},"end":{"line":8,"column":5}},"type":"if","locations":[{"start":{"line":6,"column":4},"end":{"line":8,"column":5}}]},"1":{"loc":{"start":{"line":18,"column":32},"end":{"line":20,"column":49}},"type":"cond-expr","locations":[{"start":{"line":19,"column":6},"end":{"line":19,"column":59}},{"start":{"line":20,"column":6},"end":{"line":20,"column":49}}]},"2":{"loc":{"start":{"line":31,"column":4},"end":{"line":35,"column":5}},"type":"if","locations":[{"start":{"line":31,"column":4},"end":{"line":35,"column":5}},{"start":{"line":33,"column":11},"end":{"line":35,"column":5}}]},"3":{"loc":{"start":{"line":33,"column":11},"end":{"line":35,"column":5}},"type":"if","locations":[{"start":{"line":33,"column":11},"end":{"line":35,"column":5}}]}},"s":{"0":1,"1":1,"2":2,"3":1,"4":2,"5":1,"6":1,"7":0,"8":1,"9":0,"10":0,"11":0,"12":0,"13":0,"14":0,"15":0,"16":0,"17":0,"18":0,"19":0,"20":0,"21":1},"f":{"0":2,"1":1,"2":0,"3":0,"4":0,"5":0,"6":0,"7":0,"8":0,"9":0,"10":0},"b":{"0":[1],"1":[0,1],"2":[0,0],"3":[0]}}
,"/home/steve/code/mocker/src/shared/services/web/web.service.ts": {"path":"/home/steve/code/mocker/src/shared/services/web/web.service.ts","statementMap":{"0":{"start":{"line":1,"column":0},"end":{"line":1,"column":null}},"1":{"start":{"line":13,"column":0},"end":{"line":13,"column":45}},"2":{"start":{"line":15,"column":20},"end":{"line":15,"column":21}},"3":{"start":{"line":18,"column":27},"end":{"line":18,"column":70}},"4":{"start":{"line":19,"column":11},"end":{"line":19,"column":49}},"5":{"start":{"line":25,"column":4},"end":{"line":27,"column":5}},"6":{"start":{"line":26,"column":6},"end":{"line":26,"column":13}},"7":{"start":{"line":28,"column":44},"end":{"line":28,"column":72}},"8":{"start":{"line":29,"column":47},"end":{"line":34,"column":6}},"9":{"start":{"line":36,"column":4},"end":{"line":54,"column":9}},"10":{"start":{"line":39,"column":8},"end":{"line":43,"column":9}},"11":{"start":{"line":40,"column":10},"end":{"line":40,"column":37}},"12":{"start":{"line":41,"column":10},"end":{"line":41,"column":43}},"13":{"start":{"line":42,"column":10},"end":{"line":42,"column":34}},"14":{"start":{"line":46,"column":8},"end":{"line":46,"column":29}},"15":{"start":{"line":47,"column":8},"end":{"line":53,"column":9}},"16":{"start":{"line":48,"column":10},"end":{"line":48,"column":31}},"17":{"start":{"line":49,"column":10},"end":{"line":49,"column":53}},"18":{"start":{"line":50,"column":10},"end":{"line":50,"column":43}},"19":{"start":{"line":51,"column":10},"end":{"line":51,"column":82}},"20":{"start":{"line":52,"column":10},"end":{"line":52,"column":83}},"21":{"start":{"line":52,"column":27},"end":{"line":52,"column":75}},"22":{"start":{"line":58,"column":38},"end":{"line":58,"column":71}},"23":{"start":{"line":59,"column":52},"end":{"line":64,"column":6}},"24":{"start":{"line":65,"column":4},"end":{"line":72,"column":9}},"25":{"start":{"line":67,"column":24},"end":{"line":67,"column":30}},"26":{"start":{"line":69,"column":8},"end":{"line":69,"column":29}},"27":{"start":{"line":70,"column":8},"end":{"line":70,"column":39}},"28":{"start":{"line":71,"column":8},"end":{"line":71,"column":17}},"29":{"start":{"line":79,"column":38},"end":{"line":79,"column":71}},"30":{"start":{"line":80,"column":50},"end":{"line":84,"column":6}},"31":{"start":{"line":86,"column":4},"end":{"line":88,"column":5}},"32":{"start":{"line":87,"column":6},"end":{"line":87,"column":34}},"33":{"start":{"line":90,"column":4},"end":{"line":98,"column":9}},"34":{"start":{"line":92,"column":24},"end":{"line":92,"column":30}},"35":{"start":{"line":94,"column":8},"end":{"line":94,"column":29}},"36":{"start":{"line":95,"column":8},"end":{"line":95,"column":34}},"37":{"start":{"line":96,"column":8},"end":{"line":96,"column":39}},"38":{"start":{"line":97,"column":8},"end":{"line":97,"column":16}},"39":{"start":{"line":102,"column":18},"end":{"line":102,"column":51}},"40":{"start":{"line":103,"column":40},"end":{"line":108,"column":6}},"41":{"start":{"line":109,"column":4},"end":{"line":109,"column":68}},"42":{"start":{"line":109,"column":46},"end":{"line":109,"column":66}},"43":{"start":{"line":113,"column":4},"end":{"line":113,"column":33}},"44":{"start":{"line":117,"column":4},"end":{"line":117,"column":41}},"45":{"start":{"line":121,"column":44},"end":{"line":121,"column":77}},"46":{"start":{"line":122,"column":48},"end":{"line":129,"column":6}},"47":{"start":{"line":131,"column":4},"end":{"line":142,"column":7}},"48":{"start":{"line":132,"column":6},"end":{"line":132,"column":27}},"49":{"start":{"line":133,"column":50},"end":{"line":140,"column":8}},"50":{"start":{"line":141,"column":6},"end":{"line":141,"column":78}},"51":{"start":{"line":141,"column":56},"end":{"line":141,"column":76}},"52":{"start":{"line":17,"column":0},"end":{"line":17,"column":13}}},"fnMap":{"0":{"name":"(anonymous_0)","decl":{"start":{"line":24,"column":9},"end":{"line":24,"column":22}},"loc":{"start":{"line":24,"column":75},"end":{"line":55,"column":3}}},"1":{"name":"(anonymous_1)","decl":{"start":{"line":38,"column":12},"end":{"line":38,"column":13}},"loc":{"start":{"line":38,"column":18},"end":{"line":44,"column":7}}},"2":{"name":"(anonymous_2)","decl":{"start":{"line":45,"column":13},"end":{"line":45,"column":14}},"loc":{"start":{"line":45,"column":19},"end":{"line":54,"column":7}}},"3":{"name":"(anonymous_3)","decl":{"start":{"line":52,"column":21},"end":{"line":52,"column":24}},"loc":{"start":{"line":52,"column":27},"end":{"line":52,"column":75}}},"4":{"name":"(anonymous_4)","decl":{"start":{"line":57,"column":9},"end":{"line":57,"column":22}},"loc":{"start":{"line":57,"column":66},"end":{"line":73,"column":3}}},"5":{"name":"(anonymous_5)","decl":{"start":{"line":67,"column":12},"end":{"line":67,"column":13}},"loc":{"start":{"line":67,"column":24},"end":{"line":67,"column":30}}},"6":{"name":"(anonymous_6)","decl":{"start":{"line":68,"column":13},"end":{"line":68,"column":14}},"loc":{"start":{"line":68,"column":19},"end":{"line":72,"column":7}}},"7":{"name":"(anonymous_7)","decl":{"start":{"line":78,"column":9},"end":{"line":78,"column":20}},"loc":{"start":{"line":78,"column":83},"end":{"line":99,"column":3}}},"8":{"name":"(anonymous_8)","decl":{"start":{"line":92,"column":12},"end":{"line":92,"column":13}},"loc":{"start":{"line":92,"column":24},"end":{"line":92,"column":30}}},"9":{"name":"(anonymous_9)","decl":{"start":{"line":93,"column":13},"end":{"line":93,"column":14}},"loc":{"start":{"line":93,"column":19},"end":{"line":98,"column":7}}},"10":{"name":"(anonymous_10)","decl":{"start":{"line":101,"column":9},"end":{"line":101,"column":20}},"loc":{"start":{"line":101,"column":62},"end":{"line":110,"column":3}}},"11":{"name":"(anonymous_11)","decl":{"start":{"line":109,"column":39},"end":{"line":109,"column":40}},"loc":{"start":{"line":109,"column":46},"end":{"line":109,"column":66}}},"12":{"name":"(anonymous_12)","decl":{"start":{"line":112,"column":9},"end":{"line":112,"column":20}},"loc":{"start":{"line":112,"column":20},"end":{"line":114,"column":3}}},"13":{"name":"(anonymous_13)","decl":{"start":{"line":116,"column":9},"end":{"line":116,"column":23}},"loc":{"start":{"line":116,"column":23},"end":{"line":118,"column":3}}},"14":{"name":"(anonymous_14)","decl":{"start":{"line":120,"column":9},"end":{"line":120,"column":19}},"loc":{"start":{"line":120,"column":83},"end":{"line":143,"column":3}}},"15":{"name":"(anonymous_15)","decl":{"start":{"line":131,"column":47},"end":{"line":131,"column":48}},"loc":{"start":{"line":131,"column":62},"end":{"line":142,"column":5}}},"16":{"name":"(anonymous_16)","decl":{"start":{"line":141,"column":49},"end":{"line":141,"column":50}},"loc":{"start":{"line":141,"column":56},"end":{"line":141,"column":76}}}},"branchMap":{"0":{"loc":{"start":{"line":24,"column":66},"end":{"line":24,"column":75}},"type":"default-arg","locations":[{"start":{"line":24,"column":74},"end":{"line":24,"column":75}}]},"1":{"loc":{"start":{"line":25,"column":4},"end":{"line":27,"column":5}},"type":"if","locations":[{"start":{"line":25,"column":4},"end":{"line":27,"column":5}}]},"2":{"loc":{"start":{"line":39,"column":8},"end":{"line":43,"column":9}},"type":"if","locations":[{"start":{"line":39,"column":8},"end":{"line":43,"column":9}}]},"3":{"loc":{"start":{"line":47,"column":8},"end":{"line":53,"column":9}},"type":"if","locations":[{"start":{"line":47,"column":8},"end":{"line":53,"column":9}}]},"4":{"loc":{"start":{"line":86,"column":4},"end":{"line":88,"column":5}},"type":"if","locations":[{"start":{"line":86,"column":4},"end":{"line":88,"column":5}}]},"5":{"loc":{"start":{"line":136,"column":11},"end":{"line":138,"column":125}},"type":"cond-expr","locations":[{"start":{"line":137,"column":14},"end":{"line":137,"column":182}},{"start":{"line":138,"column":14},"end":{"line":138,"column":125}}]}},"s":{"0":1,"1":1,"2":1,"3":1,"4":1,"5":0,"6":0,"7":0,"8":0,"9":0,"10":0,"11":0,"12":0,"13":0,"14":0,"15":0,"16":0,"17":0,"18":0,"19":0,"20":0,"21":0,"22":0,"23":0,"24":0,"25":0,"26":0,"27":0,"28":0,"29":0,"30":0,"31":0,"32":0,"33":0,"34":0,"35":0,"36":0,"37":0,"38":0,"39":0,"40":0,"41":0,"42":0,"43":0,"44":0,"45":0,"46":0,"47":0,"48":0,"49":0,"50":0,"51":0,"52":1},"f":{"0":0,"1":0,"2":0,"3":0,"4":0,"5":0,"6":0,"7":0,"8":0,"9":0,"10":0,"11":0,"12":0,"13":0,"14":0,"15":0,"16":0},"b":{"0":[0],"1":[0],"2":[0],"3":[0],"4":[0],"5":[0,0]}}
[...]
olumn":33},"end":{"line":64,"column":68}},"34":{"start":{"line":64,"column":56},"end":{"line":64,"column":67}},"35":{"start":{"line":65,"column":6},"end":{"line":65,"column":22}},"36":{"start":{"line":70,"column":4},"end":{"line":77,"column":6}},"37":{"start":{"line":72,"column":25},"end":{"line":72,"column":39}},"38":{"start":{"line":73,"column":8},"end":{"line":73,"column":34}},"39":{"start":{"line":74,"column":8},"end":{"line":74,"column":37}},"40":{"start":{"line":75,"column":8},"end":{"line":75,"column":62}},"41":{"start":{"line":81,"column":22},"end":{"line":81,"column":89}},"42":{"start":{"line":82,"column":27},"end":{"line":91,"column":null}},"43":{"start":{"line":84,"column":8},"end":{"line":90,"column":13}},"44":{"start":{"line":87,"column":12},"end":{"line":89,"column":18}},"45":{"start":{"line":94,"column":4},"end":{"line":94,"column":56}},"46":{"start":{"line":94,"column":41},"end":{"line":94,"column":54}},"47":{"start":{"line":98,"column":27},"end":{"line":98,"column":91}},"48":{"start":{"line":100,"column":41},"end":{"line":103,"column":null}},"49":{"start":{"line":102,"column":8},"end":{"line":102,"column":91}},"50":{"start":{"line":106,"column":17},"end":{"line":106,"column":40}},"51":{"start":{"line":108,"column":4},"end":{"line":108,"column":38}},"52":{"start":{"line":112,"column":4},"end":{"line":112,"column":44}},"53":{"start":{"line":117,"column":21},"end":{"line":117,"column":81}},"54":{"start":{"line":118,"column":21},"end":{"line":118,"column":99}},"55":{"start":{"line":119,"column":24},"end":{"line":120,"column":null}},"56":{"start":{"line":122,"column":4},"end":{"line":135,"column":5}},"57":{"start":{"line":123,"column":23},"end":{"line":123,"column":37}},"58":{"start":{"line":124,"column":6},"end":{"line":124,"column":34}},"59":{"start":{"line":125,"column":6},"end":{"line":125,"column":44}},"60":{"start":{"line":126,"column":6},"end":{"line":126,"column":39}},"61":{"start":{"line":127,"column":6},"end":{"line":134,"column":11}},"62":{"start":{"line":129,"column":20},"end":{"line":129,"column":79}},"63":{"start":{"line":131,"column":10},"end":{"line":131,"column":64}},"64":{"start":{"line":132,"column":10},"end":{"line":132,"column":31}},"65":{"start":{"line":133,"column":10},"end":{"line":133,"column":82}},"66":{"start":{"line":136,"column":4},"end":{"line":136,"column":82}},"67":{"start":{"line":141,"column":40},"end":{"line":143,"column":6}},"68":{"start":{"line":144,"column":44},"end":{"line":149,"column":6}},"69":{"start":{"line":150,"column":34},"end":{"line":150,"column":94}},"70":{"start":{"line":151,"column":4},"end":{"line":177,"column":5}},"71":{"start":{"line":152,"column":22},"end":{"line":152,"column":106}},"72":{"start":{"line":153,"column":26},"end":{"line":153,"column":69}},"73":{"start":{"line":154,"column":6},"end":{"line":176,"column":7}},"74":{"start":{"line":155,"column":8},"end":{"line":164,"column":9}},"75":{"start":{"line":156,"column":10},"end":{"line":161,"column":12}},"76":{"start":{"line":162,"column":15},"end":{"line":164,"column":9}},"77":{"start":{"line":163,"column":10},"end":{"line":163,"column":82}},"78":{"start":{"line":165,"column":13},"end":{"line":176,"column":7}},"79":{"start":{"line":166,"column":8},"end":{"line":175,"column":9}},"80":{"start":{"line":167,"column":10},"end":{"line":172,"column":12}},"81":{"start":{"line":174,"column":10},"end":{"line":174,"column":54}},"82":{"start":{"line":179,"column":21},"end":{"line":179,"column":35}},"83":{"start":{"line":180,"column":4},"end":{"line":180,"column":33}},"84":{"start":{"line":181,"column":4},"end":{"line":181,"column":75}},"85":{"start":{"line":182,"column":4},"end":{"line":182,"column":39}},"86":{"start":{"line":183,"column":4},"end":{"line":183,"column":51}},"87":{"start":{"line":185,"column":4},"end":{"line":185,"column":37}},"88":{"start":{"line":189,"column":4},"end":{"line":189,"column":43}},"89":{"start":{"line":193,"column":4},"end":{"line":201,"column":9}},"90":{"start":{"line":196,"column":8},"end":{"line":200,"column":9}},"91":{"start":{"line":197,"column":10},"end":{"line":197,"column":35}},"92":{"start":{"line":199,"column":10},"end":{"line":199,"column":23}},"93":{"start":{"line":205,"column":4},"end":{"line":205,"column":73}},"94":{"start":{"line":14,"column":0},"end":{"line":14,"column":13}}},"fnMap":{"0":{"name":"(anonymous_0)","decl":{"start":{"line":18,"column":2},"end":{"line":18,"column":7}},"loc":{"start":{"line":18,"column":31},"end":{"line":29,"column":3}}},"1":{"name":"(anonymous_1)","decl":{"start":{"line":21,"column":16},"end":{"line":21,"column":21}},"loc":{"start":{"line":21,"column":37},"end":{"line":26,"column":7}}},"2":{"name":"(anonymous_2)","decl":{"start":{"line":31,"column":2},"end":{"line":31,"column":7}},"loc":{"start":{"line":31,"column":46},"end":{"line":43,"column":3}}},"3":{"name":"(anonymous_3)","decl":{"start":{"line":45,"column":2},"end":{"line":45,"column":14}},"loc":{"start":{"line":45,"column":61},"end":{"line":47,"column":3}}},"4":{"name":"(anonymous_4)","decl":{"start":{"line":46,"column":89},"end":{"line":46,"column":90}},"loc":{"start":{"line":46,"column":96},"end":{"line":46,"column":99}}},"5":{"name":"(anonymous_5)","decl":{"start":{"line":50,"column":2},"end":{"line":50,"column":7}},"loc":{"start":{"line":50,"column":53},"end":{"line":67,"column":3}}},"6":{"name":"(anonymous_6)","decl":{"start":{"line":52,"column":83},"end":{"line":52,"column":84}},"loc":{"start":{"line":52,"column":94},"end":{"line":66,"column":5}}},"7":{"name":"(anonymous_7)","decl":{"start":{"line":53,"column":41},"end":{"line":53,"column":42}},"loc":{"start":{"line":53,"column":66},"end":{"line":63,"column":7}}},"8":{"name":"(anonymous_8)","decl":{"start":{"line":64,"column":46},"end":{"line":64,"column":47}},"loc":{"start":{"line":64,"column":56},"end":{"line":64,"column":67}}},"9":{"name":"(anonymous_9)","decl":{"start":{"line":69,"column":2},"end":{"line":69,"column":7}},"loc":{"start":{"line":69,"column":59},"end":{"line":78,"column":3}}},"10":{"name":"(anonymous_10)","decl":{"start":{"line":71,"column":22},"end":{"line":71,"column":27}},"loc":{"start":{"line":71,"column":47},"end":{"line":76,"column":7}}},"11":{"name":"(anonymous_11)","decl":{"start":{"line":80,"column":2},"end":{"line":80,"column":7}},"loc":{"start":{"line":80,"column":55},"end":{"line":95,"column":3}}},"12":{"name":"(anonymous_12)","decl":{"start":{"line":83,"column":20},"end":{"line":83,"column":25}},"loc":{"start":{"line":83,"column":56},"end":{"line":91,"column":7}}},"13":{"name":"(anonymous_13)","decl":{"start":{"line":86,"column":16},"end":{"line":86,"column":17}},"loc":{"start":{"line":86,"column":35},"end":{"line":90,"column":11}}},"14":{"name":"(anonymous_14)","decl":{"start":{"line":94,"column":23},"end":{"line":94,"column":24}},"loc":{"start":{"line":94,"column":41},"end":{"line":94,"column":54}}},"15":{"name":"(anonymous_15)","decl":{"start":{"line":97,"column":2},"end":{"line":97,"column":7}},"loc":{"start":{"line":97,"column":50},"end":{"line":109,"column":3}}},"16":{"name":"(anonymous_16)","decl":{"start":{"line":101,"column":25},"end":{"line":101,"column":30}},"loc":{"start":{"line":101,"column":40},"end":{"line":103,"column":7}}},"17":{"name":"(anonymous_17)","decl":{"start":{"line":111,"column":2},"end":{"line":111,"column":11}},"loc":{"start":{"line":111,"column":23},"end":{"line":113,"column":3}}},"18":{"name":"(anonymous_18)","decl":{"start":{"line":116,"column":2},"end":{"line":116,"column":7}},"loc":{"start":{"line":116,"column":62},"end":{"line":137,"column":3}}},"19":{"name":"(anonymous_19)","decl":{"start":{"line":129,"column":14},"end":{"line":129,"column":17}},"loc":{"start":{"line":129,"column":20},"end":{"line":129,"column":79}}},"20":{"name":"(anonymous_20)","decl":{"start":{"line":130,"column":15},"end":{"line":130,"column":16}},"loc":{"start":{"line":130,"column":21},"end":{"line":134,"column":9}}},"21":{"name":"(anonymous_21)","decl":{"start":{"line":140,"column":2},"end":{"line":140,"column":7}},"loc":{"start":{"line":140,"column":86},"end":{"line":186,"column":3}}},"22":{"name":"(anonymous_22)","decl":{"start":{"line":188,"column":2},"end":{"line":188,"column":19}},"loc":{"start":{"line":188,"column":31},"end":{"line":190,"column":3}}},"23":{"name":"(anonymous_23)","decl":{"start":{"line":192,"column":2},"end":{"line":192,"column":16}},"loc":{"start":{"line":192,"column":31},"end":{"line":202,"column":3}}},"24":{"name":"(anonymous_24)","decl":{"start":{"line":195,"column":12},"end":{"line":195,"column":13}},"loc":{"start":{"line":195,"column":21},"end":{"line":201,"column":7}}},"25":{"name":"(anonymous_25)","decl":{"start":{"line":204,"column":2},"end":{"line":204,"column":17}},"loc":{"start":{"line":204,"column":65},"end":{"line":206,"column":3}}}},"branchMap":{"0":{"loc":{"start":{"line":32,"column":4},"end":{"line":42,"column":5}},"type":"if","locations":[{"start":{"line":32,"column":4},"end":{"line":42,"column":5}},{"start":{"line":34,"column":11},"end":{"line":42,"column":5}}]},"1":{"loc":{"start":{"line":40,"column":28},"end":{"line":40,"column":81}},"type":"cond-expr","locations":[{"start":{"line":40,"column":35},"end":{"line":40,"column":69}},{"start":{"line":40,"column":72},"end":{"line":40,"column":81}}]},"2":{"loc":{"start":{"line":57,"column":10},"end":{"line":59,"column":11}},"type":"if","locations":[{"start":{"line":57,"column":10},"end":{"line":59,"column":11}}]},"3":{"loc":{"start":{"line":62,"column":15},"end":{"line":62,"column":45}},"type":"cond-expr","locations":[{"start":{"line":62,"column":30},"end":{"line":62,"column":40}},{"start":{"line":62,"column":43},"end":{"line":62,"column":45}}]},"4":{"loc":{"start":{"line":87,"column":19},"end":{"line":89,"column":17}},"type":"cond-expr","locations":[{"start":{"line":88,"column":16},"end":{"line":88,"column":106}},{"start":{"line":89,"column":16},"end":{"line":89,"column":17}}]},"5":{"loc":{"start":{"line":108,"column":11},"end":{"line":108,"column":37}},"type":"binary-expr","locations":[{"start":{"line":108,"column":11},"end":{"line":108,"column":26}},{"start":{"line":108,"column":30},"end":{"line":108,"column":37}}]},"6":{"loc":{"start":{"line":122,"column":4},"end":{"line":135,"column":5}},"type":"if","locations":[{"start":{"line":122,"column":4},"end":{"line":135,"column":5}}]},"7":{"loc":{"start":{"line":122,"column":8},"end":{"line":122,"column":28}},"type":"binary-expr","locations":[{"start":{"line":122,"column":8},"end":{"line":122,"column":16}},{"start":{"line":122,"column":20},"end":{"line":122,"column":28}}]},"8":{"loc":{"start":{"line":151,"column":4},"end":{"line":177,"column":5}},"type":"if","locations":[{"start":{"line":151,"column":4},"end":{"line":177,"column":5}}]},"9":{"loc":{"start":{"line":152,"column":43},"end":{"line":152,"column":89}},"type":"cond-expr","locations":[{"start":{"line":152,"column":59},"end":{"line":152,"column":80}},{"start":{"line":152,"column":83},"end":{"line":152,"column":89}}]},"10":{"loc":{"start":{"line":154,"column":6},"end":{"line":176,"column":7}},"type":"if","locations":[{"start":{"line":154,"column":6},"end":{"line":176,"column":7}},{"start":{"line":165,"column":13},"end":{"line":176,"column":7}}]},"11":{"loc":{"start":{"line":155,"column":8},"end":{"line":164,"column":9}},"type":"if","locations":[{"start":{"line":155,"column":8},"end":{"line":164,"column":9}},{"start":{"line":162,"column":15},"end":{"line":164,"column":9}}]},"12":{"loc":{"start":{"line":162,"column":15},"end":{"line":164,"column":9}},"type":"if","locations":[{"start":{"line":162,"column":15},"end":{"line":164,"column":9}}]},"13":{"loc":{"start":{"line":165,"column":13},"end":{"line":176,"column":7}},"type":"if","locations":[{"start":{"line":165,"column":13},"end":{"line":176,"column":7}}]},"14":{"loc":{"start":{"line":165,"column":17},"end":{"line":165,"column":48}},"type":"binary-expr","locations":[{"start":{"line":165,"column":17},"end":{"line":165,"column":36}},{"start":{"line":165,"column":40},"end":{"line":165,"column":48}}]},"15":{"loc":{"start":{"line":166,"column":8},"end":{"line":175,"column":9}},"type":"if","locations":[{"start":{"line":166,"column":8},"end":{"line":175,"column":9}},{"start":{"line":173,"column":15},"end":{"line":175,"column":9}}]},"16":{"loc":{"start":{"line":166,"column":12},"end":{"line":166,"column":72}},"type":"binary-expr","locations":[{"start":{"line":166,"column":12},"end":{"line":166,"column":40}},{"start":{"line":166,"column":44},"end":{"line":166,"column":72}}]},"17":{"loc":{"start":{"line":181,"column":26},"end":{"line":181,"column":74}},"type":"cond-expr","locations":[{"start":{"line":181,"column":42},"end":{"line":181,"column":58}},{"start":{"line":181,"column":61},"end":{"line":181,"column":74}}]},"18":{"loc":{"start":{"line":196,"column":8},"end":{"line":200,"column":9}},"type":"if","locations":[{"start":{"line":196,"column":8},"end":{"line":200,"column":9}},{"start":{"line":198,"column":15},"end":{"line":200,"column":9}}]},"19":{"loc":{"start":{"line":205,"column":44},"end":{"line":205,"column":70}},"type":"cond-expr","locations":[{"start":{"line":205,"column":53},"end":{"line":205,"column":65}},{"start":{"line":205,"column":68},"end":{"line":205,"column":70}}]}},"s":{"0":1,"1":1,"2":1,"3":1,"4":1,"5":1,"6":1,"7":1,"8":1,"9":1,"10":1,"11":0,"12":0,"13":0,"14":0,"15":0,"16":0,"17":0,"18":0,"19":0,"20":0,"21":0,"22":0,"23":0,"24":0,"25":0,"26":0,"27":0,"28":0,"29":0,"30":0,"31":0,"32":0,"33":0,"34":0,"35":0,"36":0,"37":0,"38":0,"39":0,"40":0,"41":0,"42":0,"43":0,"44":0,"45":0,"46":0,"47":0,"48":0,"49":0,"50":0,"51":0,"52":0,"53":0,"54":0,"55":0,"56":0,"57":0,"58":0,"59":0,"60":0,"61":0,"62":0,"63":0,"64":0,"65":0,"66":0,"67":0,"68":0,"69":0,"70":0,"71":0,"72":0,"73":0,"74":0,"75":0,"76":0,"77":0,"78":0,"79":0,"80":0,"81":0,"82":0,"83":0,"84":0,"85":0,"86":0,"87":0,"88":0,"89":0,"90":0,"91":0,"92":0,"93":0,"94":1},"f":{"0":0,"1":0,"2":0,"3":0,"4":0,"5":0,"6":0,"7":0,"8":0,"9":0,"10":0,"11":0,"12":0,"13":0,"14":0,"15":0,"16":0,"17":0,"18":0,"19":0,"20":0,"21":0,"22":0,"23":0,"24":0,"25":0},"b":{"0":[0,0],"1":[0,0],"2":[0],"3":[0,0],"4":[0,0],"5":[0,0],"6":[0],"7":[0,0],"8":[0],"9":[0,0],"10":[0,0],"11":[0,0],"12":[0],"13":[0],"14":[0,0],"15":[0,0],"16":[0,0],"17":[0,0],"18":[0,0],"19":[0,0]}}
,"/home/steve/code/mocker/src/store/store.service.ts": {"path":"/home/steve/code/mocker/src/store/store.service.ts","statementMap":{"0":{"start":{"line":1,"column":0},"end":{"line":1,"column":86}},"1":{"start":{"line":2,"column":0},"end":{"line":2,"column":70}},"2":{"start":{"line":5,"column":28},"end":{"line":5,"column":57}},"3":{"start":{"line":6,"column":31},"end":{"line":6,"column":63}},"4":{"start":{"line":9,"column":18},"end":{"line":9,"column":69}},"5":{"start":{"line":10,"column":34},"end":{"line":10,"column":100}},"6":{"start":{"line":11,"column":15},"end":{"line":11,"column":197}},"7":{"start":{"line":12,"column":4},"end":{"line":16,"column":7}},"8":{"start":{"line":13,"column":6},"end":{"line":15,"column":107}},"9":{"start":{"line":18,"column":4},"end":{"line":18,"column":87}},"10":{"start":{"line":19,"column":4},"end":{"line":19,"column":16}},"11":{"start":{"line":23,"column":15},"end":{"line":23,"column":22}},"12":{"start":{"line":24,"column":4},"end":{"line":29,"column":5}},"13":{"start":{"line":25,"column":6},"end":{"line":25,"column":19}},"14":{"start":{"line":27,"column":21},"end":{"line":27,"column":75}},"15":{"start":{"line":28,"column":6},"end":{"line":28,"column":22}},"16":{"start":{"line":33,"column":15},"end":{"line":33,"column":22}},"17":{"start":{"line":34,"column":38},"end":{"line":34,"column":101}},"18":{"start":{"line":35,"column":34},"end":{"line":35,"column":99}},"19":{"start":{"line":36,"column":4},"end":{"line":36,"column":75}},"20":{"start":{"line":40,"column":15},"end":{"line":40,"column":22}},"21":{"start":{"line":41,"column":4},"end":{"line":41,"column":68}},"22":{"start":{"line":45,"column":4},"end":{"line":48,"column":5}},"23":{"start":{"line":46,"column":17},"end":{"line":46,"column":24}},"24":{"start":{"line":47,"column":6},"end":{"line":47,"column":67}},"25":{"start":{"line":49,"column":4},"end":{"line":49,"column":17}},"26":{"start":{"line":53,"column":15},"end":{"line":53,"column":22}},"27":{"start":{"line":54,"column":4},"end":{"line":56,"column":5}},"28":{"start":{"line":55,"column":6},"end":{"line":55,"column":53}},"29":{"start":{"line":57,"column":4},"end":{"line":57,"column":83}},"30":{"start":{"line":61,"column":4},"end":{"line":61,"column":77}},"31":{"start":{"line":65,"column":4},"end":{"line":65,"column":120}},"32":{"start":{"line":4,"column":0},"end":{"line":4,"column":13}}},"fnMap":{"0":{"name":"(anonymous_0)","decl":{"start":{"line":8,"column":2},"end":{"line":8,"column":7}},"loc":{"start":{"line":8,"column":49},"end":{"line":20,"column":3}}},"1":{"name":"(anonymous_1)","decl":{"start":{"line":12,"column":14},"end":{"line":12,"column":15}},"loc":{"start":{"line":12,"column":23},"end":{"line":16,"column":5}}},"2":{"name":"(anonymous_2)","decl":{"start":{"line":22,"column":2},"end":{"line":22,"column":7}},"loc":{"start":{"line":22,"column":50},"end":{"line":30,"column":3}}},"3":{"name":"(anonymous_3)","decl":{"start":{"line":32,"column":2},"end":{"line":32,"column":7}},"loc":{"start":{"line":32,"column":64},"end":{"line":37,"column":3}}},"4":{"name":"(anonymous_4)","decl":{"start":{"line":39,"column":2},"end":{"line":39,"column":9}},"loc":{"start":{"line":39,"column":56},"end":{"line":42,"column":3}}},"5":{"name":"(anonymous_5)","decl":{"start":{"line":44,"column":2},"end":{"line":44,"column":7}},"loc":{"start":{"line":44,"column":49},"end":{"line":50,"column":3}}},"6":{"name":"(anonymous_6)","decl":{"start":{"line":52,"column":2},"end":{"line":52,"column":7}},"loc":{"start":{"line":52,"column":86},"end":{"line":58,"column":3}}},"7":{"name":"(anonymous_7)","decl":{"start":{"line":60,"column":2},"end":{"line":60,"column":14}},"loc":{"start":{"line":60,"column":61},"end":{"line":62,"column":3}}},"8":{"name":"(anonymous_8)","decl":{"start":{"line":64,"column":2},"end":{"line":64,"column":14}},"loc":{"start":{"line":64,"column":61},"end":{"line":66,"column":3}}}},"branchMap":{"0":{"loc":{"start":{"line":15,"column":27},"end":{"line":15,"column":98}},"type":"cond-expr","locations":[{"start":{"line":15,"column":47},"end":{"line":15,"column":74}},{"start":{"line":15,"column":77},"end":{"line":15,"column":98}}]},"1":{"loc":{"start":{"line":24,"column":4},"end":{"line":29,"column":5}},"type":"if","locations":[{"start":{"line":24,"column":4},"end":{"line":29,"column":5}},{"start":{"line":26,"column":11},"end":{"line":29,"column":5}}]},"2":{"loc":{"start":{"line":24,"column":8},"end":{"line":24,"column":41}},"type":"binary-expr","locations":[{"start":{"line":24,"column":8},"end":{"line":24,"column":17}},{"start":{"line":24,"column":21},"end":{"line":24,"column":41}}]},"3":{"loc":{"start":{"line":36,"column":11},"end":{"line":36,"column":74}},"type":"cond-expr","locations":[{"start":{"line":36,"column":40},"end":{"line":36,"column":66}},{"start":{"line":36,"column":69},"end":{"line":36,"column":74}}]},"4":{"loc":{"start":{"line":36,"column":11},"end":{"line":36,"column":37}},"type":"binary-expr","locations":[{"start":{"line":36,"column":11},"end":{"line":36,"column":28}},{"start":{"line":36,"column":32},"end":{"line":36,"column":37}}]},"5":{"loc":{"start":{"line":45,"column":4},"end":{"line":48,"column":5}},"type":"if","locations":[{"start":{"line":45,"column":4},"end":{"line":48,"column":5}}]},"6":{"loc":{"start":{"line":54,"column":4},"end":{"line":56,"column":5}},"type":"if","locations":[{"start":{"line":54,"column":4},"end":{"line":56,"column":5}}]}},"s":{"0":1,"1":1,"2":1,"3":1,"4":0,"5":0,"6":0,"7":0,"8":0,"9":0,"10":0,"11":0,"12":0,"13":0,"14":0,"15":0,"16":0,"17":0,"18":0,"19":0,"20":0,"21":0,"22":0,"23":0,"24":0,"25":0,"26":0,"27":0,"28":0,"29":0,"30":0,"31":0,"32":1},"f":{"0":0,"1":0,"2":0,"3":0,"4":0,"5":0,"6":0,"7":0,"8":0},"b":{"0":[0,0],"1":[0,0],"2":[0,0],"3":[0,0],"4":[0,0],"5":[0],"6":[0]}}
}
