TN:
SF:src/ai/ai.constants.ts
FNF:0
FNH:0
DA:1,1
DA:2,1
DA:3,1
DA:4,1
LF:4
LH:4
BRF:0
BRH:0
end_of_record
TN:
SF:src/ai/ai.persistence.ts
FN:4,(anonymous_0)
FN:16,(anonymous_1)
FN:20,(anonymous_2)
FN:24,(anonymous_3)
FN:28,(anonymous_4)
FN:31,(anonymous_5)
FN:45,(anonymous_6)
FN:48,(anonymous_7)
FN:57,(anonymous_8)
FN:61,(anonymous_9)
FN:70,(anonymous_10)
FN:74,(anonymous_11)
FNF:12
FNH:1
FNDA:1,(anonymous_0)
FNDA:0,(anonymous_1)
FNDA:0,(anonymous_2)
FNDA:0,(anonymous_3)
FNDA:0,(anonymous_4)
FNDA:0,(anonymous_5)
FNDA:0,(anonymous_6)
FNDA:0,(anonymous_7)
FNDA:0,(anonymous_8)
FNDA:0,(anonymous_9)
FNDA:0,(anonymous_10)
FNDA:0,(anonymous_11)
DA:1,1
DA:2,1
DA:4,1
DA:5,1
DA:6,1
DA:7,1
DA:8,1
DA:11,1
DA:13,1
DA:14,1
DA:17,0
DA:21,0
DA:25,0
DA:29,0
DA:31,0
DA:33,0
DA:34,0
DA:41,0
DA:46,0
DA:48,0
DA:50,0
DA:51,0
DA:53,0
DA:58,0
DA:62,0
DA:71,0
DA:75,0
LF:27
LH:10
BRDA:4,0,0,1
BRDA:4,0,1,1
BRDA:31,1,0,0
BRDA:31,1,1,0
BRDA:33,2,0,0
BRDA:33,2,1,0
BRDA:48,3,0,0
BRDA:48,3,1,0
BRDA:50,4,0,0
BRDA:50,4,1,0
BRF:10
BRH:2
end_of_record
TN:
SF:src/ai/ai.service.ts
FN:28,(anonymous_1)
FN:36,(anonymous_2)
FN:40,(anonymous_3)
FN:41,(anonymous_4)
FN:44,(anonymous_5)
FN:45,(anonymous_6)
FN:48,(anonymous_7)
FN:58,(anonymous_8)
FN:62,(anonymous_9)
FN:65,(anonymous_10)
FN:73,(anonymous_11)
FN:78,(anonymous_12)
FN:79,(anonymous_13)
FN:89,(anonymous_14)
FN:101,(anonymous_15)
FN:112,(anonymous_16)
FN:115,(anonymous_17)
FN:123,(anonymous_18)
FN:139,(anonymous_19)
FN:142,(anonymous_20)
FN:148,(anonymous_21)
FN:150,(anonymous_22)
FN:156,(anonymous_23)
FN:174,(anonymous_24)
FN:178,(anonymous_25)
FN:189,(anonymous_26)
FN:214,(anonymous_27)
FN:222,(anonymous_28)
FN:230,(anonymous_29)
FN:236,(anonymous_30)
FN:240,(anonymous_31)
FN:243,(anonymous_32)
FN:251,(anonymous_33)
FN:263,(anonymous_34)
FN:276,(anonymous_35)
FN:279,(anonymous_36)
FN:283,(anonymous_37)
FN:284,(anonymous_38)
FN:287,(anonymous_39)
FN:293,(anonymous_40)
FN:311,(anonymous_41)
FN:322,(anonymous_42)
FN:329,(anonymous_43)
FN:354,(anonymous_44)
FN:365,(anonymous_45)
FN:372,(anonymous_46)
FN:397,(anonymous_47)
FN:408,(anonymous_48)
FNF:48
FNH:0
FNDA:0,(anonymous_1)
FNDA:0,(anonymous_2)
FNDA:0,(anonymous_3)
FNDA:0,(anonymous_4)
FNDA:0,(anonymous_5)
FNDA:0,(anonymous_6)
FNDA:0,(anonymous_7)
FNDA:0,(anonymous_8)
FNDA:0,(anonymous_9)
FNDA:0,(anonymous_10)
FNDA:0,(anonymous_11)
FNDA:0,(anonymous_12)
FNDA:0,(anonymous_13)
FNDA:0,(anonymous_14)
FNDA:0,(anonymous_15)
FNDA:0,(anonymous_16)
FNDA:0,(anonymous_17)
FNDA:0,(anonymous_18)
FNDA:0,(anonymous_19)
FNDA:0,(anonymous_20)
FNDA:0,(anonymous_21)
FNDA:0,(anonymous_22)
FNDA:0,(anonymous_23)
FNDA:0,(anonymous_24)
FNDA:0,(anonymous_25)
FNDA:0,(anonymous_26)
FNDA:0,(anonymous_27)
FNDA:0,(anonymous_28)
FNDA:0,(anonymous_29)
FNDA:0,(anonymous_30)
FNDA:0,(anonymous_31)
FNDA:0,(anonymous_32)
FNDA:0,(anonymous_33)
FNDA:0,(anonymous_34)
FNDA:0,(anonymous_35)
FNDA:0,(anonymous_36)
FNDA:0,(anonymous_37)
FNDA:0,(anonymous_38)
FNDA:0,(anonymous_39)
FNDA:0,(anonymous_40)
FNDA:0,(anonymous_41)
FNDA:0,(anonymous_42)
FNDA:0,(anonymous_43)
FNDA:0,(anonymous_44)
FNDA:0,(anonymous_45)
FNDA:0,(anonymous_46)
FNDA:0,(anonymous_47)
FNDA:0,(anonymous_48)
DA:1,1
DA:2,1
DA:3,1
DA:4,1
DA:6,1
DA:7,1
DA:9,1
DA:11,1
DA:12,1
DA:13,1
DA:14,1
DA:16,1
DA:17,1
DA:18,1
DA:22,1
DA:24,1
DA:25,1
DA:26,1
DA:29,0
DA:30,0
DA:33,0
DA:37,0
DA:41,0
DA:45,0
DA:49,0
DA:50,0
DA:52,0
DA:59,0
DA:60,0
DA:63,0
DA:66,0
DA:67,0
DA:68,0
DA:69,0
DA:74,0
DA:75,0
DA:76,0
DA:77,0
DA:78,0
DA:79,0
DA:80,0
DA:81,0
DA:82,0
DA:84,0
DA:90,0
DA:91,0
DA:92,0
DA:102,0
DA:104,0
DA:105,0
DA:106,0
DA:108,0
DA:109,0
DA:113,0
DA:116,0
DA:117,0
DA:118,0
DA:119,0
DA:124,0
DA:140,0
DA:143,0
DA:144,0
DA:149,0
DA:151,0
DA:157,0
DA:158,0
DA:159,0
DA:160,0
DA:161,0
DA:162,0
DA:175,0
DA:176,0
DA:179,0
DA:180,0
DA:181,0
DA:184,0
DA:186,0
DA:188,0
DA:189,0
DA:190,0
DA:200,0
DA:204,0
DA:214,0
DA:215,0
DA:216,0
DA:223,0
DA:224,0
DA:225,0
DA:226,0
DA:231,0
DA:232,0
DA:233,0
DA:234,0
DA:237,0
DA:238,0
DA:241,0
DA:244,0
DA:245,0
DA:246,0
DA:247,0
DA:252,0
DA:253,0
DA:254,0
DA:255,0
DA:257,0
DA:258,0
DA:261,0
DA:263,0
DA:264,0
DA:277,0
DA:280,0
DA:281,0
DA:283,0
DA:284,0
DA:288,0
DA:289,0
DA:294,0
DA:295,0
DA:311,0
DA:312,0
DA:313,0
DA:314,0
DA:323,0
DA:324,0
DA:326,0
DA:328,0
DA:329,0
DA:330,0
DA:340,0
DA:344,0
DA:354,0
DA:355,0
DA:356,0
DA:357,0
DA:366,0
DA:367,0
DA:369,0
DA:371,0
DA:372,0
DA:373,0
DA:383,0
DA:387,0
DA:397,0
DA:398,0
DA:399,0
DA:400,0
DA:409,0
LF:147
LH:18
BRDA:29,0,0,0
BRDA:74,1,0,0
BRDA:74,1,1,0
BRDA:80,2,0,0
BRDA:105,3,0,0
BRDA:105,3,1,0
BRDA:179,4,0,0
BRDA:188,5,0,0
BRDA:255,6,0,0
BRDA:255,6,1,0
BRDA:255,6,2,0
BRDA:257,7,0,0
BRDA:280,8,0,0
BRDA:294,9,0,0
BRDA:323,10,0,0
BRDA:328,11,0,0
BRDA:366,12,0,0
BRDA:371,13,0,0
BRF:18
BRH:0
end_of_record
TN:
SF:src/ai/middleware/aiMiddleware.ts
FN:11,(anonymous_0)
FNF:1
FNH:1
FNDA:4,(anonymous_0)
DA:2,1
DA:3,1
DA:4,1
DA:6,1
DA:7,1
DA:8,1
DA:9,1
DA:11,1
DA:12,4
DA:13,4
DA:14,4
DA:15,4
DA:16,4
DA:17,1
DA:18,1
DA:21,3
DA:22,1
DA:23,1
DA:24,2
DA:25,1
DA:26,1
DA:27,1
DA:29,1
LF:23
LH:23
BRDA:16,0,0,1
BRDA:16,0,1,3
BRDA:16,1,0,4
BRDA:16,1,1,3
BRDA:21,2,0,1
BRDA:21,2,1,2
BRDA:24,3,0,1
BRDA:24,3,1,1
BRDA:24,4,0,2
BRDA:24,4,1,1
BRF:10
BRH:10
end_of_record
TN:
SF:src/counter/constants.ts
FNF:0
FNH:0
DA:1,1
DA:2,1
DA:3,1
LF:3
LH:3
BRF:0
BRH:0
end_of_record
TN:
SF:src/muzzle/muzzle-utilities.ts
FN:10,getRemainingTime
FN:17,getTimeToMuzzle
FN:21,getMsForSpecifiedRange
FN:31,getTimeString
FN:40,isRandomEven
FNF:5
FNH:0
FNDA:0,getRemainingTime
FNDA:0,getTimeToMuzzle
FNDA:0,getMsForSpecifiedRange
FNDA:0,getTimeString
FNDA:0,isRandomEven
DA:10,1
DA:11,0
DA:17,1
DA:18,0
DA:21,1
DA:22,0
DA:23,0
DA:25,0
DA:31,1
DA:32,0
DA:33,0
DA:34,0
DA:40,1
DA:41,0
LF:14
LH:5
BRDA:22,0,0,0
BRDA:34,1,0,0
BRDA:34,1,1,0
BRDA:34,2,0,0
BRDA:34,2,1,0
BRF:5
BRH:0
end_of_record
TN:
SF:src/reaction/reaction.persistence.service.ts
FN:11,(anonymous_0)
FN:24,(anonymous_1)
FN:34,(anonymous_2)
FN:37,(anonymous_3)
FN:47,(anonymous_4)
FN:52,(anonymous_5)
FN:57,(anonymous_6)
FN:63,(anonymous_7)
FN:64,(anonymous_8)
FNF:9
FNH:0
FNDA:0,(anonymous_0)
FNDA:0,(anonymous_1)
FNDA:0,(anonymous_2)
FNDA:0,(anonymous_3)
FNDA:0,(anonymous_4)
FNDA:0,(anonymous_5)
FNDA:0,(anonymous_6)
FNDA:0,(anonymous_7)
FNDA:0,(anonymous_8)
DA:1,1
DA:4,1
DA:5,1
DA:6,1
DA:7,1
DA:10,1
DA:12,0
DA:13,0
DA:14,0
DA:15,0
DA:16,0
DA:17,0
DA:18,0
DA:19,0
DA:21,0
DA:25,0
DA:34,0
DA:38,0
DA:39,0
DA:40,0
DA:41,0
DA:44,0
DA:45,0
DA:47,0
DA:49,0
DA:50,0
DA:52,0
DA:54,0
DA:58,0
DA:63,0
DA:65,0
LF:31
LH:6
BRDA:40,0,0,0
BRDA:47,1,0,0
BRDA:47,1,1,0
BRDA:52,2,0,0
BRDA:52,2,1,0
BRF:5
BRH:0
end_of_record
TN:
SF:src/shared/db/models/Activity.ts
FN:9,(anonymous_2)
FN:9,(anonymous_3)
FN:24,(anonymous_4)
FNF:3
FNH:0
FNDA:0,(anonymous_2)
FNDA:0,(anonymous_3)
FNDA:0,(anonymous_4)
DA:1,1
DA:2,1
DA:5,1
DA:7,1
DA:9,0
DA:10,1
DA:13,1
DA:16,1
DA:19,1
DA:22,1
DA:24,0
DA:25,1
LF:12
LH:10
BRDA:10,0,0,0
BRDA:10,0,1,1
BRDA:10,1,0,1
BRDA:10,1,1,0
BRDA:25,2,0,1
BRDA:25,2,1,0
BRDA:25,3,0,1
BRDA:25,3,1,1
BRF:8
BRH:5
end_of_record
TN:
SF:src/shared/db/models/Item.ts
FNF:0
FNH:0
DA:1,1
DA:4,1
DA:6,1
DA:9,1
DA:12,1
DA:15,1
DA:18,1
DA:21,1
DA:24,1
DA:27,1
DA:30,1
DA:33,1
DA:36,1
DA:39,1
DA:42,1
DA:45,1
LF:16
LH:16
BRF:0
BRH:0
end_of_record
TN:
SF:src/shared/db/models/ItemKill.ts
FN:11,(anonymous_2)
FN:11,(anonymous_3)
FN:15,(anonymous_4)
FN:15,(anonymous_5)
FNF:4
FNH:0
FNDA:0,(anonymous_2)
FNDA:0,(anonymous_3)
FNDA:0,(anonymous_4)
FNDA:0,(anonymous_5)
DA:1,1
DA:2,1
DA:3,1
DA:6,1
DA:8,1
DA:11,0
DA:12,1
DA:15,0
DA:16,1
LF:9
LH:7
BRF:0
BRH:0
end_of_record
TN:
SF:src/shared/db/models/Message.ts
FN:9,(anonymous_2)
FN:9,(anonymous_3)
FN:21,(anonymous_4)
FNF:3
FNH:0
FNDA:0,(anonymous_2)
FNDA:0,(anonymous_3)
FNDA:0,(anonymous_4)
DA:1,1
DA:2,1
DA:5,1
DA:7,1
DA:9,0
DA:10,1
DA:13,1
DA:16,1
DA:19,1
DA:21,0
DA:22,1
LF:11
LH:9
BRDA:10,0,0,0
BRDA:10,0,1,1
BRDA:10,1,0,1
BRDA:10,1,1,0
BRDA:22,2,0,1
BRDA:22,2,1,0
BRDA:22,3,0,1
BRDA:22,3,1,1
BRF:8
BRH:5
end_of_record
TN:
SF:src/shared/db/models/Muzzle.ts
FN:29,(anonymous_2)
FNF:1
FNH:0
FNDA:0,(anonymous_2)
DA:1,1
DA:4,1
DA:6,1
DA:9,1
DA:12,1
DA:15,1
DA:18,1
DA:21,1
DA:24,1
DA:27,1
DA:29,0
DA:30,1
LF:12
LH:11
BRDA:30,0,0,1
BRDA:30,0,1,0
BRDA:30,1,0,1
BRDA:30,1,1,1
BRF:4
BRH:3
end_of_record
TN:
SF:src/shared/db/models/Purchase.ts
FN:11,(anonymous_2)
FN:11,(anonymous_3)
FN:15,(anonymous_4)
FN:15,(anonymous_5)
FN:21,(anonymous_6)
FNF:5
FNH:0
FNDA:0,(anonymous_2)
FNDA:0,(anonymous_3)
FNDA:0,(anonymous_4)
FNDA:0,(anonymous_5)
FNDA:0,(anonymous_6)
DA:1,1
DA:2,1
DA:3,1
DA:6,1
DA:8,1
DA:11,0
DA:12,1
DA:15,0
DA:16,1
DA:19,1
DA:21,0
DA:22,1
LF:12
LH:9
BRDA:22,0,0,1
BRDA:22,0,1,0
BRDA:22,1,0,1
BRDA:22,1,1,1
BRF:4
BRH:3
end_of_record
TN:
SF:src/shared/db/models/Reaction.ts
FN:29,(anonymous_2)
FNF:1
FNH:0
FNDA:0,(anonymous_2)
DA:1,1
DA:4,1
DA:6,1
DA:9,1
DA:12,1
DA:15,1
DA:18,1
DA:21,1
DA:24,1
DA:27,1
DA:29,0
DA:30,1
LF:12
LH:11
BRDA:30,0,0,1
BRDA:30,0,1,0
BRDA:30,1,0,1
BRDA:30,1,1,1
BRF:4
BRH:3
end_of_record
TN:
SF:src/shared/db/models/Rep.ts
FN:14,(anonymous_2)
FNF:1
FNH:0
FNDA:0,(anonymous_2)
DA:1,1
DA:4,1
DA:6,1
DA:9,1
DA:12,1
DA:14,0
DA:15,1
LF:7
LH:6
BRF:0
BRH:0
end_of_record
TN:
SF:src/shared/db/models/SlackUser.ts
FN:26,(anonymous_2)
FN:26,(anonymous_3)
FN:29,(anonymous_4)
FN:29,(anonymous_5)
FNF:4
FNH:0
FNDA:0,(anonymous_2)
FNDA:0,(anonymous_3)
FNDA:0,(anonymous_4)
FNDA:0,(anonymous_5)
DA:1,1
DA:2,1
DA:3,1
DA:7,1
DA:9,1
DA:12,1
DA:15,1
DA:18,1
DA:21,1
DA:24,1
DA:26,0
DA:27,1
DA:29,0
DA:30,1
LF:14
LH:12
BRF:0
BRH:0
end_of_record
TN:
SF:src/shared/db/models/UsedItem.ts
FN:11,(anonymous_2)
FN:11,(anonymous_3)
FN:15,(anonymous_4)
FN:15,(anonymous_5)
FN:19,(anonymous_6)
FN:19,(anonymous_7)
FN:22,(anonymous_8)
FNF:7
FNH:0
FNDA:0,(anonymous_2)
FNDA:0,(anonymous_3)
FNDA:0,(anonymous_4)
FNDA:0,(anonymous_5)
FNDA:0,(anonymous_6)
FNDA:0,(anonymous_7)
FNDA:0,(anonymous_8)
DA:1,1
DA:2,1
DA:3,1
DA:6,1
DA:8,1
DA:11,0
DA:12,1
DA:15,0
DA:16,1
DA:19,0
DA:20,1
DA:22,0
DA:23,1
LF:13
LH:9
BRDA:23,0,0,1
BRDA:23,0,1,0
BRDA:23,1,0,1
BRDA:23,1,1,1
BRF:4
BRH:3
end_of_record
TN:
SF:src/shared/logger/logger.ts
FNF:0
FNH:0
DA:1,1
DA:2,1
DA:4,1
LF:3
LH:3
BRF:0
BRH:0
end_of_record
TN:
SF:src/shared/services/history.persistence.service.ts
FN:8,(anonymous_0)
FN:28,(anonymous_1)
FN:38,(anonymous_2)
FNF:3
FNH:0
FNDA:0,(anonymous_0)
FNDA:0,(anonymous_1)
FNDA:0,(anonymous_2)
DA:1,1
DA:2,1
DA:4,1
DA:7,1
DA:10,0
DA:11,0
DA:14,0
DA:20,0
DA:21,0
DA:22,0
DA:23,0
DA:24,0
DA:25,0
DA:29,0
DA:34,0
DA:35,0
DA:39,0
DA:40,0
DA:41,0
DA:42,0
DA:60,0
LF:21
LH:4
BRDA:10,0,0,0
BRDA:10,1,0,0
BRDA:10,1,1,0
BRDA:21,2,0,0
BRDA:21,2,1,0
BRDA:41,3,0,0
BRDA:41,3,1,0
BRF:7
BRH:0
end_of_record
TN:
SF:src/shared/services/redis.persistence.service.ts
FN:5,(anonymous_0)
FN:14,(anonymous_1)
FN:15,(anonymous_2)
FN:22,(anonymous_3)
FN:26,(anonymous_4)
FN:30,(anonymous_5)
FN:39,(anonymous_6)
FN:43,(anonymous_7)
FN:48,(anonymous_8)
FN:52,(anonymous_9)
FN:56,(anonymous_10)
FNF:11
FNH:2
FNDA:2,(anonymous_0)
FNDA:1,(anonymous_1)
FNDA:0,(anonymous_2)
FNDA:0,(anonymous_3)
FNDA:0,(anonymous_4)
FNDA:0,(anonymous_5)
FNDA:0,(anonymous_6)
FNDA:0,(anonymous_7)
FNDA:0,(anonymous_8)
FNDA:0,(anonymous_9)
FNDA:0,(anonymous_10)
DA:1,1
DA:2,1
DA:4,1
DA:6,2
DA:7,1
DA:9,2
DA:12,1
DA:15,1
DA:18,1
DA:23,0
DA:27,0
DA:31,0
DA:32,0
DA:33,0
DA:34,0
DA:36,0
DA:40,0
DA:44,0
DA:49,0
DA:53,0
DA:57,0
LF:21
LH:9
BRDA:6,0,0,1
BRDA:18,1,0,0
BRDA:18,1,1,1
BRDA:31,2,0,0
BRDA:31,2,1,0
BRDA:33,3,0,0
BRF:6
BRH:2
end_of_record
TN:
SF:src/shared/services/web/web.service.ts
FN:24,(anonymous_0)
FN:38,(anonymous_1)
FN:45,(anonymous_2)
FN:52,(anonymous_3)
FN:57,(anonymous_4)
FN:67,(anonymous_5)
FN:68,(anonymous_6)
FN:78,(anonymous_7)
FN:92,(anonymous_8)
FN:93,(anonymous_9)
FN:101,(anonymous_10)
FN:109,(anonymous_11)
FN:112,(anonymous_12)
FN:116,(anonymous_13)
FN:120,(anonymous_14)
FN:131,(anonymous_15)
FN:141,(anonymous_16)
FNF:17
FNH:0
FNDA:0,(anonymous_0)
FNDA:0,(anonymous_1)
FNDA:0,(anonymous_2)
FNDA:0,(anonymous_3)
FNDA:0,(anonymous_4)
FNDA:0,(anonymous_5)
FNDA:0,(anonymous_6)
FNDA:0,(anonymous_7)
FNDA:0,(anonymous_8)
FNDA:0,(anonymous_9)
FNDA:0,(anonymous_10)
FNDA:0,(anonymous_11)
FNDA:0,(anonymous_12)
FNDA:0,(anonymous_13)
FNDA:0,(anonymous_14)
FNDA:0,(anonymous_15)
FNDA:0,(anonymous_16)
DA:1,1
DA:13,1
DA:15,1
DA:17,1
DA:18,1
DA:19,1
DA:25,0
DA:26,0
DA:28,0
DA:29,0
DA:36,0
DA:39,0
DA:40,0
DA:41,0
DA:42,0
DA:46,0
DA:47,0
DA:48,0
DA:49,0
DA:50,0
DA:51,0
DA:52,0
DA:58,0
DA:59,0
DA:65,0
DA:67,0
DA:69,0
DA:70,0
DA:71,0
DA:79,0
DA:80,0
DA:86,0
DA:87,0
DA:90,0
DA:92,0
DA:94,0
DA:95,0
DA:96,0
DA:97,0
DA:102,0
DA:103,0
DA:109,0
DA:113,0
DA:117,0
DA:121,0
DA:122,0
DA:131,0
DA:132,0
DA:133,0
DA:141,0
LF:50
LH:6
BRDA:24,0,0,0
BRDA:25,1,0,0
BRDA:39,2,0,0
BRDA:47,3,0,0
BRDA:86,4,0,0
BRDA:136,5,0,0
BRDA:136,5,1,0
BRF:7
BRH:0
end_of_record
TN:
SF:src/shared/util/getChunks.ts
FN:1,(anonymous_0)
FN:12,(anonymous_1)
FNF:2
FNH:0
FNDA:0,(anonymous_0)
FNDA:0,(anonymous_1)
DA:1,1
DA:2,0
DA:3,0
DA:4,0
DA:5,0
DA:7,0
DA:8,0
DA:9,0
DA:10,0
DA:12,0
DA:13,0
DA:14,0
DA:15,0
DA:16,0
DA:17,0
DA:18,0
DA:19,0
DA:21,0
DA:26,0
LF:19
LH:1
BRDA:7,0,0,0
BRDA:7,0,1,0
BRDA:9,1,0,0
BRDA:9,1,1,0
BRDA:14,2,0,0
BRDA:14,2,1,0
BRDA:18,3,0,0
BRDA:18,3,1,0
BRF:8
BRH:0
end_of_record
TN:
SF:src/store/store.persistence.service.ts
FN:18,(anonymous_0)
FN:21,(anonymous_1)
FN:31,(anonymous_2)
FN:45,(anonymous_3)
FN:46,(anonymous_4)
FN:50,(anonymous_5)
FN:52,(anonymous_6)
FN:53,(anonymous_7)
FN:64,(anonymous_8)
FN:69,(anonymous_9)
FN:71,(anonymous_10)
FN:80,(anonymous_11)
FN:83,(anonymous_12)
FN:86,(anonymous_13)
FN:94,(anonymous_14)
FN:97,(anonymous_15)
FN:101,(anonymous_16)
FN:111,(anonymous_17)
FN:116,(anonymous_18)
FN:129,(anonymous_19)
FN:130,(anonymous_20)
FN:140,(anonymous_21)
FN:188,(anonymous_22)
FN:192,(anonymous_23)
FN:195,(anonymous_24)
FN:204,(anonymous_25)
FNF:26
FNH:0
FNDA:0,(anonymous_0)
FNDA:0,(anonymous_1)
FNDA:0,(anonymous_2)
FNDA:0,(anonymous_3)
FNDA:0,(anonymous_4)
FNDA:0,(anonymous_5)
FNDA:0,(anonymous_6)
FNDA:0,(anonymous_7)
FNDA:0,(anonymous_8)
FNDA:0,(anonymous_9)
FNDA:0,(anonymous_10)
FNDA:0,(anonymous_11)
FNDA:0,(anonymous_12)
FNDA:0,(anonymous_13)
FNDA:0,(anonymous_14)
FNDA:0,(anonymous_15)
FNDA:0,(anonymous_16)
FNDA:0,(anonymous_17)
FNDA:0,(anonymous_18)
FNDA:0,(anonymous_19)
FNDA:0,(anonymous_20)
FNDA:0,(anonymous_21)
FNDA:0,(anonymous_22)
FNDA:0,(anonymous_23)
FNDA:0,(anonymous_24)
FNDA:0,(anonymous_25)
DA:1,1
DA:2,1
DA:3,1
DA:4,1
DA:5,1
DA:6,1
DA:7,1
DA:8,1
DA:9,1
DA:14,1
DA:15,1
DA:16,1
DA:19,0
DA:20,0
DA:22,0
DA:25,0
DA:28,0
DA:32,0
DA:33,0
DA:35,0
DA:36,0
DA:40,0
DA:41,0
DA:46,0
DA:51,0
DA:52,0
DA:53,0
DA:54,0
DA:55,0
DA:56,0
DA:57,0
DA:58,0
DA:62,0
DA:64,0
DA:65,0
DA:70,0
DA:72,0
DA:73,0
DA:74,0
DA:75,0
DA:81,0
DA:82,0
DA:84,0
DA:87,0
DA:94,0
DA:98,0
DA:100,0
DA:102,0
DA:106,0
DA:108,0
DA:112,0
DA:117,0
DA:118,0
DA:119,0
DA:122,0
DA:123,0
DA:124,0
DA:125,0
DA:126,0
DA:127,0
DA:129,0
DA:131,0
DA:132,0
DA:133,0
DA:136,0
DA:141,0
DA:144,0
DA:150,0
DA:151,0
DA:152,0
DA:153,0
DA:154,0
DA:155,0
DA:156,0
DA:162,0
DA:163,0
DA:165,0
DA:166,0
DA:167,0
DA:174,0
DA:179,0
DA:180,0
DA:181,0
DA:182,0
DA:183,0
DA:185,0
DA:189,0
DA:193,0
DA:196,0
DA:197,0
DA:199,0
DA:205,0
LF:92
LH:12
BRDA:32,0,0,0
BRDA:32,0,1,0
BRDA:40,1,0,0
BRDA:40,1,1,0
BRDA:57,2,0,0
BRDA:62,3,0,0
BRDA:62,3,1,0
BRDA:87,4,0,0
BRDA:87,4,1,0
BRDA:108,5,0,0
BRDA:108,5,1,0
BRDA:122,6,0,0
BRDA:122,7,0,0
BRDA:122,7,1,0
BRDA:151,8,0,0
BRDA:152,9,0,0
BRDA:152,9,1,0
BRDA:154,10,0,0
BRDA:154,10,1,0
BRDA:155,11,0,0
BRDA:155,11,1,0
BRDA:162,12,0,0
BRDA:165,13,0,0
BRDA:165,14,0,0
BRDA:165,14,1,0
BRDA:166,15,0,0
BRDA:166,15,1,0
BRDA:166,16,0,0
BRDA:166,16,1,0
BRDA:181,17,0,0
BRDA:181,17,1,0
BRDA:196,18,0,0
BRDA:196,18,1,0
BRDA:205,19,0,0
BRDA:205,19,1,0
BRF:35
BRH:0
end_of_record
TN:
SF:src/store/store.service.ts
FN:8,(anonymous_0)
FN:12,(anonymous_1)
FN:22,(anonymous_2)
FN:32,(anonymous_3)
FN:39,(anonymous_4)
FN:44,(anonymous_5)
FN:52,(anonymous_6)
FN:60,(anonymous_7)
FN:64,(anonymous_8)
FNF:9
FNH:0
FNDA:0,(anonymous_0)
FNDA:0,(anonymous_1)
FNDA:0,(anonymous_2)
FNDA:0,(anonymous_3)
FNDA:0,(anonymous_4)
FNDA:0,(anonymous_5)
FNDA:0,(anonymous_6)
FNDA:0,(anonymous_7)
FNDA:0,(anonymous_8)
DA:1,1
DA:2,1
DA:4,1
DA:5,1
DA:6,1
DA:9,0
DA:10,0
DA:11,0
DA:12,0
DA:13,0
DA:18,0
DA:19,0
DA:23,0
DA:24,0
DA:25,0
DA:27,0
DA:28,0
DA:33,0
DA:34,0
DA:35,0
DA:36,0
DA:40,0
DA:41,0
DA:45,0
DA:46,0
DA:47,0
DA:49,0
DA:53,0
DA:54,0
DA:55,0
DA:57,0
DA:61,0
DA:65,0
LF:33
LH:5
BRDA:15,0,0,0
BRDA:15,0,1,0
BRDA:24,1,0,0
BRDA:24,1,1,0
BRDA:24,2,0,0
BRDA:24,2,1,0
BRDA:36,3,0,0
BRDA:36,3,1,0
BRDA:36,4,0,0
BRDA:36,4,1,0
BRDA:45,5,0,0
BRDA:54,6,0,0
BRF:12
BRH:0
end_of_record
